Replace Part 74AUP1T34GW 74AUP1T34GW in C:\Users\David\Desktop\SmarTRC home\HumiTempPM\Esquematico.SchDoc with 74AUP1T34GW from SmarTRC_home.SchLib
Replace Part 10114830 AMPHENOL 10114830 - Conector de Cable a Placa - 1.25mm in C:\Users\David\Desktop\SmarTRC home\HumiTempPM\Esquematico.SchDoc with AMPHENOL 10114830 - Conector de Cable a Placa - 1.25mm from Smartstrap_with_MAX30205.SchLib
Replace Part AP6015 AP6015 in C:\Users\David\Desktop\SmarTRC home\HumiTempPM\Esquematico.SchDoc with AP6015 from SmarTRC_home.SchLib
Replace Part bq2409x bq2409x in C:\Users\David\Desktop\SmarTRC home\HumiTempPM\Esquematico.SchDoc with bq2409x from SmarTRC_home.SchLib
Replace Part BTN1 BUTTON in C:\Users\David\Desktop\SmarTRC home\HumiTempPM\Esquematico.SchDoc with BUTTON from SmarTRC_home.SchLib
Replace Part BTN2 BUTTON in C:\Users\David\Desktop\SmarTRC home\HumiTempPM\Esquematico.SchDoc with BUTTON from SmarTRC_home.SchLib
Replace Part BTN3 BUTTON in C:\Users\David\Desktop\SmarTRC home\HumiTempPM\Esquematico.SchDoc with BUTTON from SmarTRC_home.SchLib
Replace Part BTN_TST1 BUTTON in C:\Users\David\Desktop\SmarTRC home\HumiTempPM\Esquematico.SchDoc with BUTTON from SmarTRC_home.SchLib
Replace Part BTN_TST2 BUTTON in C:\Users\David\Desktop\SmarTRC home\HumiTempPM\Esquematico.SchDoc with BUTTON from SmarTRC_home.SchLib
Replace Part BUTTONS SOCKET BUTTONS SOCKET in C:\Users\David\Desktop\SmarTRC home\HumiTempPM\Esquematico.SchDoc with BUTTONS SOCKET from SmarTRC_home.SchLib
Replace Part BUTTONS SOCKET1 BUTTONS SOCKET in C:\Users\David\Desktop\SmarTRC home\HumiTempPM\Esquematico.SchDoc with BUTTONS SOCKET from SmarTRC_home.SchLib
Replace Part C1 Cap in C:\Users\David\Desktop\SmarTRC home\HumiTempPM\Esquematico.SchDoc with Cap from B105rlc.SchLib
Replace Part C2 Cap in C:\Users\David\Desktop\SmarTRC home\HumiTempPM\Esquematico.SchDoc with Cap from B105rlc.SchLib
Replace Part C3 Cap in C:\Users\David\Desktop\SmarTRC home\HumiTempPM\Esquematico.SchDoc with Cap from B105rlc.SchLib
Replace Part C4 Cap in C:\Users\David\Desktop\SmarTRC home\HumiTempPM\Esquematico.SchDoc with Cap from B105rlc.SchLib
Replace Part C5 Cap in C:\Users\David\Desktop\SmarTRC home\HumiTempPM\Esquematico.SchDoc with Cap from B105rlc.SchLib
Replace Part C6 Cap in C:\Users\David\Desktop\SmarTRC home\HumiTempPM\Esquematico.SchDoc with Cap from B105rlc.SchLib
Replace Part C7 Cap in C:\Users\David\Desktop\SmarTRC home\HumiTempPM\Esquematico.SchDoc with Cap from B105rlc.SchLib
Replace Part C8 Cap in C:\Users\David\Desktop\SmarTRC home\HumiTempPM\Esquematico.SchDoc with Cap from B105rlc.SchLib
Replace Part C9 Cap in C:\Users\David\Desktop\SmarTRC home\HumiTempPM\Esquematico.SchDoc with Cap from B105rlc.SchLib
Replace Part C10 Cap in C:\Users\David\Desktop\SmarTRC home\HumiTempPM\Esquematico.SchDoc with Cap from B105rlc.SchLib
Replace Part C11 Cap in C:\Users\David\Desktop\SmarTRC home\HumiTempPM\Esquematico.SchDoc with Cap from B105rlc.SchLib
Replace Part C12 Cap in C:\Users\David\Desktop\SmarTRC home\HumiTempPM\Esquematico.SchDoc with Cap from B105rlc.SchLib
Replace Part C13 Cap in C:\Users\David\Desktop\SmarTRC home\HumiTempPM\Esquematico.SchDoc with Cap from B105rlc.SchLib
Replace Part C14 Cap in C:\Users\David\Desktop\SmarTRC home\HumiTempPM\Esquematico.SchDoc with Cap from B105rlc.SchLib
Replace Part C15 Cap in C:\Users\David\Desktop\SmarTRC home\HumiTempPM\Esquematico.SchDoc with Cap from B105rlc.SchLib
Replace Part C16 Cap in C:\Users\David\Desktop\SmarTRC home\HumiTempPM\Esquematico.SchDoc with Cap from B105rlc.SchLib
Replace Part C17 Cap in C:\Users\David\Desktop\SmarTRC home\HumiTempPM\Esquematico.SchDoc with Cap from B105rlc.SchLib
Replace Part C18 Cap in C:\Users\David\Desktop\SmarTRC home\HumiTempPM\Esquematico.SchDoc with Cap from B105rlc.SchLib
Replace Part C19 Cap in C:\Users\David\Desktop\SmarTRC home\HumiTempPM\Esquematico.SchDoc with Cap from B105rlc.SchLib
Replace Part C20 Cap in C:\Users\David\Desktop\SmarTRC home\HumiTempPM\Esquematico.SchDoc with Cap from B105rlc.SchLib
Replace Part C21 Cap in C:\Users\David\Desktop\SmarTRC home\HumiTempPM\Esquematico.SchDoc with Cap from B105rlc.SchLib
Replace Part C22 Cap in C:\Users\David\Desktop\SmarTRC home\HumiTempPM\Esquematico.SchDoc with Cap from B105rlc.SchLib
Replace Part C23 Cap in C:\Users\David\Desktop\SmarTRC home\HumiTempPM\Esquematico.SchDoc with Cap from B105rlc.SchLib
Replace Part C24 Cap in C:\Users\David\Desktop\SmarTRC home\HumiTempPM\Esquematico.SchDoc with Cap from B105rlc.SchLib
Replace Part C25 Cap in C:\Users\David\Desktop\SmarTRC home\HumiTempPM\Esquematico.SchDoc with Cap from B105rlc.SchLib
Replace Part C26 Cap in C:\Users\David\Desktop\SmarTRC home\HumiTempPM\Esquematico.SchDoc with Cap from B105rlc.SchLib
Replace Part C27 Cap in C:\Users\David\Desktop\SmarTRC home\HumiTempPM\Esquematico.SchDoc with Cap from B105rlc.SchLib
Replace Part C28 Cap in C:\Users\David\Desktop\SmarTRC home\HumiTempPM\Esquematico.SchDoc with Cap from B105rlc.SchLib
Replace Part DZ-1 Diode Zener in C:\Users\David\Desktop\SmarTRC home\HumiTempPM\Esquematico.SchDoc with Diode Zener from B105rlc.SchLib
Replace Part J1 MOLEX 503182-1852 (MicroSD) in C:\Users\David\Desktop\SmarTRC home\HumiTempPM\Esquematico.SchDoc with MOLEX 503182-1852 (MicroSD) from SmarTRC_home.SchLib
Replace Part L1 Inductor in C:\Users\David\Desktop\SmarTRC home\HumiTempPM\Esquematico.SchDoc with Inductor from Miscellaneous Devices.IntLib
Replace Part L2 Inductor in C:\Users\David\Desktop\SmarTRC home\HumiTempPM\Esquematico.SchDoc with Inductor from Miscellaneous Devices.IntLib
Replace Part LD_TST_1 LED in C:\Users\David\Desktop\SmarTRC home\HumiTempPM\Esquematico.SchDoc with LED from B105rlc.SchLib
Replace Part LD_TST_2 LED in C:\Users\David\Desktop\SmarTRC home\HumiTempPM\Esquematico.SchDoc with LED from B105rlc.SchLib
Replace Part LDB LED in C:\Users\David\Desktop\SmarTRC home\HumiTempPM\Esquematico.SchDoc with LED from B105rlc.SchLib
Replace Part LDG LED in C:\Users\David\Desktop\SmarTRC home\HumiTempPM\Esquematico.SchDoc with LED from B105rlc.SchLib
Replace Part MCP1640 MCP1640 in C:\Users\David\Desktop\SmarTRC home\HumiTempPM\Esquematico.SchDoc with MCP1640 from SmarTRC_home.SchLib
Replace Part MHET SOCKET MHET SOCKET in C:\Users\David\Desktop\SmarTRC home\HumiTempPM\Esquematico.SchDoc with MHET SOCKET from SmarTRC_home.SchLib
Replace Part MicroUSB MicroUSB in C:\Users\David\Desktop\SmarTRC home\HumiTempPM\Esquematico.SchDoc with MicroUSB from SmarTRC_home.SchLib
Replace Part PMS1 PMS7003 SOCKET in C:\Users\David\Desktop\SmarTRC home\HumiTempPM\Esquematico.SchDoc with PMS7003 SOCKET from SmarTRC_home.SchLib
Replace Part PMS7003 SOCKET PMS7003 SOCKET in C:\Users\David\Desktop\SmarTRC home\HumiTempPM\Esquematico.SchDoc with PMS7003 SOCKET from SmarTRC_home.SchLib
Replace Part PMSG7 PMSG7 in C:\Users\David\Desktop\SmarTRC home\HumiTempPM\Esquematico.SchDoc with PMSG7 from SmarTRC_home.SchLib
Replace Part R1 Res in C:\Users\David\Desktop\SmarTRC home\HumiTempPM\Esquematico.SchDoc with Res from B105rlc.SchLib
Replace Part R2 Res in C:\Users\David\Desktop\SmarTRC home\HumiTempPM\Esquematico.SchDoc with Res from B105rlc.SchLib
Replace Part R3 Res in C:\Users\David\Desktop\SmarTRC home\HumiTempPM\Esquematico.SchDoc with Res from B105rlc.SchLib
Replace Part R4 Res in C:\Users\David\Desktop\SmarTRC home\HumiTempPM\Esquematico.SchDoc with Res from B105rlc.SchLib
Replace Part R5 Res in C:\Users\David\Desktop\SmarTRC home\HumiTempPM\Esquematico.SchDoc with Res from B105rlc.SchLib
Replace Part R6 Res in C:\Users\David\Desktop\SmarTRC home\HumiTempPM\Esquematico.SchDoc with Res from B105rlc.SchLib
Replace Part R7 Res in C:\Users\David\Desktop\SmarTRC home\HumiTempPM\Esquematico.SchDoc with Res from B105rlc.SchLib
Replace Part R8 Res in C:\Users\David\Desktop\SmarTRC home\HumiTempPM\Esquematico.SchDoc with Res from B105rlc.SchLib
Replace Part R9 Res in C:\Users\David\Desktop\SmarTRC home\HumiTempPM\Esquematico.SchDoc with Res from B105rlc.SchLib
Replace Part R10 Res in C:\Users\David\Desktop\SmarTRC home\HumiTempPM\Esquematico.SchDoc with Res from B105rlc.SchLib
Replace Part R11 Res in C:\Users\David\Desktop\SmarTRC home\HumiTempPM\Esquematico.SchDoc with Res from B105rlc.SchLib
Replace Part R12 Res in C:\Users\David\Desktop\SmarTRC home\HumiTempPM\Esquematico.SchDoc with Res from B105rlc.SchLib
Replace Part R13 Res in C:\Users\David\Desktop\SmarTRC home\HumiTempPM\Esquematico.SchDoc with Res from B105rlc.SchLib
Replace Part R14 Res in C:\Users\David\Desktop\SmarTRC home\HumiTempPM\Esquematico.SchDoc with Res from B105rlc.SchLib
Replace Part R15 Res in C:\Users\David\Desktop\SmarTRC home\HumiTempPM\Esquematico.SchDoc with Res from B105rlc.SchLib
Replace Part R16 Res in C:\Users\David\Desktop\SmarTRC home\HumiTempPM\Esquematico.SchDoc with Res from B105rlc.SchLib
Replace Part R17 Res in C:\Users\David\Desktop\SmarTRC home\HumiTempPM\Esquematico.SchDoc with Res from B105rlc.SchLib
Replace Part R18 Res in C:\Users\David\Desktop\SmarTRC home\HumiTempPM\Esquematico.SchDoc with Res from B105rlc.SchLib
Replace Part R19 Res in C:\Users\David\Desktop\SmarTRC home\HumiTempPM\Esquematico.SchDoc with Res from B105rlc.SchLib
Replace Part R20 Res in C:\Users\David\Desktop\SmarTRC home\HumiTempPM\Esquematico.SchDoc with Res from B105rlc.SchLib
Replace Part R21 Res in C:\Users\David\Desktop\SmarTRC home\HumiTempPM\Esquematico.SchDoc with Res from B105rlc.SchLib
Replace Part R22 Res in C:\Users\David\Desktop\SmarTRC home\HumiTempPM\Esquematico.SchDoc with Res from B105rlc.SchLib
Replace Part R23 Res in C:\Users\David\Desktop\SmarTRC home\HumiTempPM\Esquematico.SchDoc with Res from B105rlc.SchLib
Replace Part R24 Res in C:\Users\David\Desktop\SmarTRC home\HumiTempPM\Esquematico.SchDoc with Res from B105rlc.SchLib
Replace Part R25 Res in C:\Users\David\Desktop\SmarTRC home\HumiTempPM\Esquematico.SchDoc with Res from B105rlc.SchLib
Replace Part R26 Res in C:\Users\David\Desktop\SmarTRC home\HumiTempPM\Esquematico.SchDoc with Res from B105rlc.SchLib
Replace Part R27 Res in C:\Users\David\Desktop\SmarTRC home\HumiTempPM\Esquematico.SchDoc with Res from B105rlc.SchLib
Replace Part R28 Res in C:\Users\David\Desktop\SmarTRC home\HumiTempPM\Esquematico.SchDoc with Res from B105rlc.SchLib
Replace Part R29 Res in C:\Users\David\Desktop\SmarTRC home\HumiTempPM\Esquematico.SchDoc with Res from B105rlc.SchLib
Replace Part R30 Res in C:\Users\David\Desktop\SmarTRC home\HumiTempPM\Esquematico.SchDoc with Res from B105rlc.SchLib
Replace Part R31 Res in C:\Users\David\Desktop\SmarTRC home\HumiTempPM\Esquematico.SchDoc with Res from B105rlc.SchLib
Replace Part R32 Res in C:\Users\David\Desktop\SmarTRC home\HumiTempPM\Esquematico.SchDoc with Res from B105rlc.SchLib
Replace Part R33 Res in C:\Users\David\Desktop\SmarTRC home\HumiTempPM\Esquematico.SchDoc with Res from B105rlc.SchLib
Replace Part R34 Res in C:\Users\David\Desktop\SmarTRC home\HumiTempPM\Esquematico.SchDoc with Res from B105rlc.SchLib
Replace Part R35 Res in C:\Users\David\Desktop\SmarTRC home\HumiTempPM\Esquematico.SchDoc with Res from B105rlc.SchLib
Replace Part SENSOR SOCKET SENSOR SOCKET in C:\Users\David\Desktop\SmarTRC home\HumiTempPM\Esquematico.SchDoc with SENSOR SOCKET from SmarTRC_home.SchLib
Replace Part SENSOR SOCKET1 SENSOR SOCKET in C:\Users\David\Desktop\SmarTRC home\HumiTempPM\Esquematico.SchDoc with SENSOR SOCKET from SmarTRC_home.SchLib
Replace Part SHT35 SHT35 in C:\Users\David\Desktop\SmarTRC home\HumiTempPM\Esquematico.SchDoc with SHT35 from SmarTRC_home.SchLib
Replace Part SN74AUP3G17DCUR SN74AUP3G17DCUR in C:\Users\David\Desktop\SmarTRC home\HumiTempPM\Esquematico.SchDoc with SN74AUP3G17DCUR from SmarTRC_home.SchLib
Replace Part STC3100 STC3100 in C:\Users\David\Desktop\SmarTRC home\HumiTempPM\Esquematico.SchDoc with STC3100 from SmarTRC_home.SchLib
Replace Part U1 PIC32MZ2048EFH064-I/PT in C:\Users\David\Desktop\SmarTRC home\HumiTempPM\Esquematico.SchDoc with PIC32MZ2048EFH064-I/PT from SmarTRC_home.SchLib
Replace Part U2 MRF24J40MA in C:\Users\David\Desktop\SmarTRC home\HumiTempPM\Esquematico.SchDoc with MRF24J40MA from SmarTRC_home.SchLib
