Removed Pin From Net: NetName=GND Pin=C11-1
Removed Pin From Net: NetName=Net74AUP1T34GW_5 Pin=C11-2
Removed Pin From Net: NetName=GND Pin=C12-1
Removed Pin From Net: NetName=GND Pin=C12-2
Removed Pin From Net: NetName=GND Pin=C15-2
Removed Pin From Net: NetName=GND Pin=DZ-1-1
Removed Pin From Net: NetName=Net74AUP1T34GW_5 Pin=DZ-1-2
Removed Pin From Net: NetName=GND Pin=R15-1
Removed Pin From Net: NetName=GND Pin=R15-2
Removed Pin From Net: NetName=Net74AUP1T34GW_5 Pin=R17-1
Removed Pin From Net: NetName=GND Pin=R18-2
Removed Pin From Net: NetName=NetR25_2 Pin=STC3100-3
Removed Pin From Net: NetName=NetR24_2 Pin=STC3100-4
Removed Pin From Net: NetName=GND Pin=STC3100-5
Removed Pin From Net: NetName=GND Pin=STC3100-6
Removed Pin From Net: NetName=Net74AUP1T34GW_5 Pin=STC3100-7
Removed Member From Class: ClassName=Esquematico Member=C11
Removed Member From Class: ClassName=Esquematico Member=C12
Removed Member From Class: ClassName=Esquematico Member=C15
Removed Member From Class: ClassName=Esquematico Member=DZ-1
Removed Member From Class: ClassName=Esquematico Member=R15
Removed Member From Class: ClassName=Esquematico Member=R17
Removed Member From Class: ClassName=Esquematico Member=R18
Removed Member From Class: ClassName=Esquematico Member=STC3100
Added Component: Designator=C?(0805 CAP)
Add component. Clean all parameters for all variants
Add component (AddParameter): Name = "Supplier 1"; Value = "Digi-Key"; VariantName = "[No Variations]"
Add component (AddParameter): Name = "Supplier Part Number 1"; Value = "490-8043-1-ND"; VariantName = "[No Variations]"
Add component (AddParameter): Name = "Value"; Value = "1u"; VariantName = "[No Variations]"
Added Component: Designator=LC709203(LC709203)
Add component. Clean all parameters for all variants
Add component (AddParameter): Name = "Supplier 1"; Value = "Digi-Key"; VariantName = "[No Variations]"
Add component (AddParameter): Name = "Supplier Part Number 1"; Value = "LC709203FQH-01TWGOSCT-ND"; VariantName = "[No Variations]"
Added Pin To Net: NetName=GND Pin=C?-1
Added Pin To Net: NetName=Net74AUP1T34GW_5 Pin=C?-2
Added Pin To Net: NetName=GND Pin=LC709203-1
Added Pin To Net: NetName=GND Pin=LC709203-2
Added Pin To Net: NetName=Net74AUP1T34GW_5 Pin=LC709203-3
Added Pin To Net: NetName=GND Pin=LC709203-4
Added Pin To Net: NetName=NetR25_2 Pin=LC709203-7
Added Pin To Net: NetName=NetR24_2 Pin=LC709203-8
Change Net Name : Old Net Name=NetR24_2 New Net Name=NetLC709203_8
Change Net Name : Old Net Name=NetR25_2 New Net Name=NetLC709203_7
Added Member To Class: ClassName=Esquematico Member=Component C? Cap
Added Member To Class: ClassName=Esquematico Member=Component LC709203
Added Room: Name=Esquematico
