Added Component: Designator=10114830(Molex 0353630250)
Add component. Clean all parameters for all variants
Add component (AddParameter): Name = "Supplier 1"; Value = "Farnell"; VariantName = "[No Variations]"
Add component (AddParameter): Name = "Supplier Part Number 1"; Value = "2100756"; VariantName = "[No Variations]"
Added Component: Designator=AP6015(AP6015)
Add component. Clean all parameters for all variants
Add component (AddParameter): Name = "Supplier 1"; Value = "Digi-Key"; VariantName = "[No Variations]"
Add component (AddParameter): Name = "Supplier Part Number 1"; Value = "AP6015-M10GDICT-ND"; VariantName = "[No Variations]"
Added Component: Designator=bq2409x(bq2409x)
Add component. Clean all parameters for all variants
Add component (AddParameter): Name = "Supplier 1"; Value = "Digi-Key"; VariantName = "[No Variations]"
Add component (AddParameter): Name = "Supplier Part Number 1"; Value = "296-38875-1-ND"; VariantName = "[No Variations]"
Added Component: Designator=BTN1(BUTTON)
Add component. Clean all parameters for all variants
Add component (AddParameter): Name = "Supplier 1"; Value = "Digi-Key"; VariantName = "[No Variations]"
Add component (AddParameter): Name = "Supplier Part Number 1"; Value = "CKN10779CT-ND"; VariantName = "[No Variations]"
Added Component: Designator=BTN2(BUTTON)
Add component. Clean all parameters for all variants
Add component (AddParameter): Name = "Supplier 1"; Value = "Digi-Key"; VariantName = "[No Variations]"
Add component (AddParameter): Name = "Supplier Part Number 1"; Value = "CKN10779CT-ND"; VariantName = "[No Variations]"
Added Component: Designator=BTN3(BUTTON)
Add component. Clean all parameters for all variants
Add component (AddParameter): Name = "Supplier 1"; Value = "Digi-Key"; VariantName = "[No Variations]"
Add component (AddParameter): Name = "Supplier Part Number 1"; Value = "CKN10779CT-ND"; VariantName = "[No Variations]"
Added Component: Designator=BTN_TST1(BUTTON)
Add component. Clean all parameters for all variants
Add component (AddParameter): Name = "Supplier 1"; Value = "Digi-Key"; VariantName = "[No Variations]"
Add component (AddParameter): Name = "Supplier Part Number 1"; Value = "CKN10779CT-ND"; VariantName = "[No Variations]"
Added Component: Designator=BTN_TST2(BUTTON)
Add component. Clean all parameters for all variants
Add component (AddParameter): Name = "Supplier 1"; Value = "Digi-Key"; VariantName = "[No Variations]"
Add component (AddParameter): Name = "Supplier Part Number 1"; Value = "CKN10779CT-ND"; VariantName = "[No Variations]"
Added Component: Designator=BUTTONS SOCKET1(S8B-ZR-SM4A-TF)
Add component. Clean all parameters for all variants
Add component (AddParameter): Name = "Supplier 1"; Value = "Digi-Key"; VariantName = "[No Variations]"
Add component (AddParameter): Name = "Supplier Part Number 1"; Value = "455-1698-1-ND"; VariantName = "[No Variations]"
Added Component: Designator=BUTTONS SOCKET(S8B-ZR-SM4A-TF)
Add component. Clean all parameters for all variants
Add component (AddParameter): Name = "Supplier 1"; Value = "Digi-Key"; VariantName = "[No Variations]"
Add component (AddParameter): Name = "Supplier Part Number 1"; Value = "455-1698-1-ND"; VariantName = "[No Variations]"
Added Component: Designator=C?(0805 CAP)
Add component. Clean all parameters for all variants
Add component (AddParameter): Name = "Supplier 1"; Value = "Digi-Key"; VariantName = "[No Variations]"
Add component (AddParameter): Name = "Supplier Part Number 1"; Value = "490-8043-1-ND"; VariantName = "[No Variations]"
Add component (AddParameter): Name = "Value"; Value = "1u"; VariantName = "[No Variations]"
Added Component: Designator=C?(0805 CAP)
Add component. Clean all parameters for all variants
Add component (AddParameter): Name = "Supplier 1"; Value = "Digi-Key"; VariantName = "[No Variations]"
Add component (AddParameter): Name = "Supplier Part Number 1"; Value = "399-1169-1-ND"; VariantName = "[No Variations]"
Add component (AddParameter): Name = "Value"; Value = "100n"; VariantName = "[No Variations]"
Added Component: Designator=C?(0805 CAP)
Add component. Clean all parameters for all variants
Add component (AddParameter): Name = "Supplier 1"; Value = "Digi-Key"; VariantName = "[No Variations]"
Add component (AddParameter): Name = "Supplier Part Number 1"; Value = "490-14661-1-ND"; VariantName = "[No Variations]"
Add component (AddParameter): Name = "Value"; Value = "10u"; VariantName = "[No Variations]"
Added Component: Designator=C?(0805 CAP)
Add component. Clean all parameters for all variants
Add component (AddParameter): Name = "Supplier 1"; Value = "Digi-Key"; VariantName = "[No Variations]"
Add component (AddParameter): Name = "Supplier Part Number 1"; Value = "490-14661-1-ND"; VariantName = "[No Variations]"
Add component (AddParameter): Name = "Value"; Value = "10u"; VariantName = "[No Variations]"
Added Component: Designator=C?(0805 CAP)
Add component. Clean all parameters for all variants
Add component (AddParameter): Name = "Supplier 1"; Value = "Digi-Key"; VariantName = "[No Variations]"
Add component (AddParameter): Name = "Supplier Part Number 1"; Value = "399-1169-1-ND"; VariantName = "[No Variations]"
Add component (AddParameter): Name = "Value"; Value = "100n"; VariantName = "[No Variations]"
Added Component: Designator=C?(0805 CAP)
Add component. Clean all parameters for all variants
Add component (AddParameter): Name = "Supplier 1"; Value = "Digi-Key"; VariantName = "[No Variations]"
Add component (AddParameter): Name = "Supplier Part Number 1"; Value = "490-14661-1-ND"; VariantName = "[No Variations]"
Add component (AddParameter): Name = "Value"; Value = "10u"; VariantName = "[No Variations]"
Added Component: Designator=C?(0805 CAP)
Add component. Clean all parameters for all variants
Add component (AddParameter): Name = "Supplier 1"; Value = "Digi-Key"; VariantName = "[No Variations]"
Add component (AddParameter): Name = "Supplier Part Number 1"; Value = "399-1169-1-ND"; VariantName = "[No Variations]"
Add component (AddParameter): Name = "Value"; Value = "100n"; VariantName = "[No Variations]"
Added Component: Designator=C?(0805 CAP)
Add component. Clean all parameters for all variants
Add component (AddParameter): Name = "Supplier 1"; Value = "Digi-Key"; VariantName = "[No Variations]"
Add component (AddParameter): Name = "Supplier Part Number 1"; Value = "399-1169-1-ND"; VariantName = "[No Variations]"
Add component (AddParameter): Name = "Value"; Value = "100n"; VariantName = "[No Variations]"
Added Component: Designator=C?(0805 CAP)
Add component. Clean all parameters for all variants
Add component (AddParameter): Name = "Supplier 1"; Value = "Digi-Key"; VariantName = "[No Variations]"
Add component (AddParameter): Name = "Supplier Part Number 1"; Value = "490-14661-1-ND"; VariantName = "[No Variations]"
Add component (AddParameter): Name = "Value"; Value = "10u"; VariantName = "[No Variations]"
Added Component: Designator=C?(0805 CAP)
Add component. Clean all parameters for all variants
Add component (AddParameter): Name = "Supplier 1"; Value = "Digi-Key"; VariantName = "[No Variations]"
Add component (AddParameter): Name = "Supplier Part Number 1"; Value = "399-1169-1-ND"; VariantName = "[No Variations]"
Add component (AddParameter): Name = "Value"; Value = "100n"; VariantName = "[No Variations]"
Added Component: Designator=C?(0805 CAP)
Add component. Clean all parameters for all variants
Add component (AddParameter): Name = "Supplier 1"; Value = "Digi-Key"; VariantName = "[No Variations]"
Add component (AddParameter): Name = "Supplier Part Number 1"; Value = "399-1169-1-ND"; VariantName = "[No Variations]"
Add component (AddParameter): Name = "Value"; Value = "100n"; VariantName = "[No Variations]"
Added Component: Designator=C?(0805 CAP)
Add component. Clean all parameters for all variants
Add component (AddParameter): Name = "Supplier 1"; Value = "Digi-Key"; VariantName = "[No Variations]"
Add component (AddParameter): Name = "Supplier Part Number 1"; Value = "399-1169-1-ND"; VariantName = "[No Variations]"
Add component (AddParameter): Name = "Value"; Value = "100n"; VariantName = "[No Variations]"
Added Component: Designator=C?(0805 CAP)
Add component. Clean all parameters for all variants
Add component (AddParameter): Name = "Supplier 1"; Value = "Digi-Key"; VariantName = "[No Variations]"
Add component (AddParameter): Name = "Supplier Part Number 1"; Value = "399-1169-1-ND"; VariantName = "[No Variations]"
Add component (AddParameter): Name = "Value"; Value = "100n"; VariantName = "[No Variations]"
Added Component: Designator=C?(0805 CAP)
Add component. Clean all parameters for all variants
Add component (AddParameter): Name = "Supplier 1"; Value = "Digi-Key"; VariantName = "[No Variations]"
Add component (AddParameter): Name = "Supplier Part Number 1"; Value = "399-1169-1-ND"; VariantName = "[No Variations]"
Add component (AddParameter): Name = "Value"; Value = "100n"; VariantName = "[No Variations]"
Added Component: Designator=C?(0805 CAP)
Add component. Clean all parameters for all variants
Add component (AddParameter): Name = "Supplier 1"; Value = "Digi-Key"; VariantName = "[No Variations]"
Add component (AddParameter): Name = "Supplier Part Number 1"; Value = "399-1169-1-ND"; VariantName = "[No Variations]"
Add component (AddParameter): Name = "Value"; Value = "100n"; VariantName = "[No Variations]"
Added Component: Designator=C?(0805 CAP)
Add component. Clean all parameters for all variants
Add component (AddParameter): Name = "Supplier 1"; Value = "Digi-Key"; VariantName = "[No Variations]"
Add component (AddParameter): Name = "Supplier Part Number 1"; Value = "399-1169-1-ND"; VariantName = "[No Variations]"
Add component (AddParameter): Name = "Value"; Value = "100n"; VariantName = "[No Variations]"
Added Component: Designator=C?(0805 CAP)
Add component. Clean all parameters for all variants
Add component (AddParameter): Name = "Supplier 1"; Value = "Digi-Key"; VariantName = "[No Variations]"
Add component (AddParameter): Name = "Supplier Part Number 1"; Value = "399-1169-1-ND"; VariantName = "[No Variations]"
Add component (AddParameter): Name = "Value"; Value = "100n"; VariantName = "[No Variations]"
Added Component: Designator=C?(0805 CAP)
Add component. Clean all parameters for all variants
Add component (AddParameter): Name = "Supplier 1"; Value = "Digi-Key"; VariantName = "[No Variations]"
Add component (AddParameter): Name = "Supplier Part Number 1"; Value = "399-1169-1-ND"; VariantName = "[No Variations]"
Add component (AddParameter): Name = "Value"; Value = "100n"; VariantName = "[No Variations]"
Added Component: Designator=C?(0805 CAP)
Add component. Clean all parameters for all variants
Add component (AddParameter): Name = "Supplier 1"; Value = "Digi-Key"; VariantName = "[No Variations]"
Add component (AddParameter): Name = "Supplier Part Number 1"; Value = "399-1169-1-ND"; VariantName = "[No Variations]"
Add component (AddParameter): Name = "Value"; Value = "100n"; VariantName = "[No Variations]"
Added Component: Designator=C?(0805 CAP)
Add component. Clean all parameters for all variants
Add component (AddParameter): Name = "Supplier 1"; Value = "Digi-Key"; VariantName = "[No Variations]"
Add component (AddParameter): Name = "Supplier Part Number 1"; Value = "399-1169-1-ND"; VariantName = "[No Variations]"
Add component (AddParameter): Name = "Value"; Value = "100n"; VariantName = "[No Variations]"
Added Component: Designator=C?(0805 CAP)
Add component. Clean all parameters for all variants
Add component (AddParameter): Name = "Supplier 1"; Value = "Digi-Key"; VariantName = "[No Variations]"
Add component (AddParameter): Name = "Supplier Part Number 1"; Value = "490-5542-1-ND"; VariantName = "[No Variations]"
Add component (AddParameter): Name = "Value"; Value = "100p"; VariantName = "[No Variations]"
Added Component: Designator=C?(0805 CAP)
Add component. Clean all parameters for all variants
Add component (AddParameter): Name = "Supplier 1"; Value = "Digi-Key"; VariantName = "[No Variations]"
Add component (AddParameter): Name = "Supplier Part Number 1"; Value = "490-14661-1-ND"; VariantName = "[No Variations]"
Add component (AddParameter): Name = "Value"; Value = "10u"; VariantName = "[No Variations]"
Added Component: Designator=C?(0805 CAP)
Add component. Clean all parameters for all variants
Add component (AddParameter): Name = "Supplier 1"; Value = "Digi-Key"; VariantName = "[No Variations]"
Add component (AddParameter): Name = "Supplier Part Number 1"; Value = "490-14649-1-ND"; VariantName = "[No Variations]"
Add component (AddParameter): Name = "Value"; Value = "10p"; VariantName = "[No Variations]"
Added Component: Designator=C?(0805 CAP)
Add component. Clean all parameters for all variants
Add component (AddParameter): Name = "Supplier 1"; Value = "Digi-Key"; VariantName = "[No Variations]"
Add component (AddParameter): Name = "Supplier Part Number 1"; Value = "490-8043-1-ND"; VariantName = "[No Variations]"
Add component (AddParameter): Name = "Value"; Value = "1u"; VariantName = "[No Variations]"
Added Component: Designator=C?(0805 CAP)
Add component. Clean all parameters for all variants
Add component (AddParameter): Name = "Supplier 1"; Value = "Digi-Key"; VariantName = "[No Variations]"
Add component (AddParameter): Name = "Supplier Part Number 1"; Value = "490-4970-1-ND"; VariantName = "[No Variations]"
Add component (AddParameter): Name = "Value"; Value = "220n"; VariantName = "[No Variations]"
Added Component: Designator=C?(0805 CAP)
Add component. Clean all parameters for all variants
Add component (AddParameter): Name = "Supplier 1"; Value = "Digi-Key"; VariantName = "[No Variations]"
Add component (AddParameter): Name = "Supplier Part Number 1"; Value = "490-8043-1-ND"; VariantName = "[No Variations]"
Add component (AddParameter): Name = "Value"; Value = "1u"; VariantName = "[No Variations]"
Added Component: Designator=C?(0805 CAP)
Add component. Clean all parameters for all variants
Add component (AddParameter): Name = "Supplier 1"; Value = "Digi-Key"; VariantName = "[No Variations]"
Add component (AddParameter): Name = "Supplier Part Number 1"; Value = "399-1169-1-ND"; VariantName = "[No Variations]"
Add component (AddParameter): Name = "Value"; Value = "100n"; VariantName = "[No Variations]"
Added Component: Designator=C?(0805 CAP)
Add component. Clean all parameters for all variants
Add component (AddParameter): Name = "Supplier 1"; Value = "Digi-Key"; VariantName = "[No Variations]"
Add component (AddParameter): Name = "Supplier Part Number 1"; Value = "399-1169-1-ND"; VariantName = "[No Variations]"
Add component (AddParameter): Name = "Value"; Value = "100n"; VariantName = "[No Variations]"
Added Component: Designator=DZ-?(SMAZ5V6-TP)
Add component. Clean all parameters for all variants
Add component (AddParameter): Name = "Supplier 1"; Value = "Digi-Key"; VariantName = "[No Variations]"
Add component (AddParameter): Name = "Supplier Part Number 1"; Value = "SMAZ5V6-TPMSCT-ND"; VariantName = "[No Variations]"
Added Component: Designator=J1(MOLEX 503182-1852 (MicroSD))
Add component. Clean all parameters for all variants
Add component (AddParameter): Name = "Digi-Key_Part_Number"; Value = "WM12834CT-ND"; VariantName = "[No Variations]"
Add component (AddParameter): Name = "Digi-Key_Purchase_URL"; Value = "https://www.digikey.es/product-detail/en/molex/5031821852/WM12834CT-ND/5823232?utm_source=snapeda&utm_medium=aggregator&utm_campaign=symbol"; VariantName = "[No Variations]"
Add component (AddParameter): Name = "MF"; Value = "Molex"; VariantName = "[No Variations]"
Add component (AddParameter): Name = "MP"; Value = "5031821852"; VariantName = "[No Variations]"
Add component (AddParameter): Name = "Package"; Value = "None"; VariantName = "[No Variations]"
Add component (AddParameter): Name = "SnapEDA_Link"; Value = "https://www.snapeda.com/parts/5031821852/Molex/view-part/?ref=snap"; VariantName = "[No Variations]"
Add component (AddParameter): Name = "Supplier 1"; Value = "Digi-Key"; VariantName = "[No Variations]"
Add component (AddParameter): Name = "Supplier Part Number 1"; Value = "WM12834CT-ND"; VariantName = "[No Variations]"
Add component (AddParameter): Name = "Value"; Value = ""; VariantName = "[No Variations]"
Added Component: Designator=L?(L7030)
Add component. Clean all parameters for all variants
Add component (AddParameter): Name = "Code_IEC"; Value = "1005"; VariantName = "[No Variations]"
Add component (AddParameter): Name = "Code_JEITA"; Value = "0402"; VariantName = "[No Variations]"
Add component (AddParameter): Name = "LatestRevisionDate"; Value = "29-May-2009"; VariantName = "[No Variations]"
Add component (AddParameter): Name = "LatestRevisionNote"; Value = "IPC-7351 Footprint Added."; VariantName = "[No Variations]"
Add component (AddParameter): Name = "PackageDescription"; Value = "Chip Inductor"; VariantName = "[No Variations]"
Add component (AddParameter): Name = "PackageReference"; Value = "0402-A"; VariantName = "[No Variations]"
Add component (AddParameter): Name = "Published"; Value = "8-Jun-2000"; VariantName = "[No Variations]"
Add component (AddParameter): Name = "Publisher"; Value = "Altium Limited"; VariantName = "[No Variations]"
Add component (AddParameter): Name = "Supplier 1"; Value = "Digi-Key"; VariantName = "[No Variations]"
Add component (AddParameter): Name = "Supplier Part Number 1"; Value = "732-3374-1-ND"; VariantName = "[No Variations]"
Add component (AddParameter): Name = "Value"; Value = "3.3uH"; VariantName = "[No Variations]"
Added Component: Designator=L?(INDC11030X40N)
Add component. Clean all parameters for all variants
Add component (AddParameter): Name = "Code_IEC"; Value = "1005"; VariantName = "[No Variations]"
Add component (AddParameter): Name = "Code_JEITA"; Value = "0402"; VariantName = "[No Variations]"
Add component (AddParameter): Name = "LatestRevisionDate"; Value = "29-May-2009"; VariantName = "[No Variations]"
Add component (AddParameter): Name = "LatestRevisionNote"; Value = "IPC-7351 Footprint Added."; VariantName = "[No Variations]"
Add component (AddParameter): Name = "PackageDescription"; Value = "Chip Inductor"; VariantName = "[No Variations]"
Add component (AddParameter): Name = "PackageReference"; Value = "0402-A"; VariantName = "[No Variations]"
Add component (AddParameter): Name = "Published"; Value = "8-Jun-2000"; VariantName = "[No Variations]"
Add component (AddParameter): Name = "Publisher"; Value = "Altium Limited"; VariantName = "[No Variations]"
Add component (AddParameter): Name = "Supplier 1"; Value = "Digi-Key"; VariantName = "[No Variations]"
Add component (AddParameter): Name = "Supplier Part Number 1"; Value = "732-3389-1-ND"; VariantName = "[No Variations]"
Add component (AddParameter): Name = "Value"; Value = "10u"; VariantName = "[No Variations]"
Added Component: Designator=LD_TST_1(0603 LED-Green)
Add component. Clean all parameters for all variants
Add component (AddParameter): Name = "Supplier 1"; Value = "Digi-Key"; VariantName = "[No Variations]"
Add component (AddParameter): Name = "Supplier Part Number 1"; Value = "160-1446-1-ND"; VariantName = "[No Variations]"
Added Component: Designator=LD_TST_2(0603 LED-BLUE)
Add component. Clean all parameters for all variants
Add component (AddParameter): Name = "Supplier 1"; Value = "Digi-Key"; VariantName = "[No Variations]"
Add component (AddParameter): Name = "Supplier Part Number 1"; Value = "160-1827-1-ND"; VariantName = "[No Variations]"
Added Component: Designator=LDB(0603 LED-BLUE)
Add component. Clean all parameters for all variants
Add component (AddParameter): Name = "Supplier 1"; Value = "Digi-Key"; VariantName = "[No Variations]"
Add component (AddParameter): Name = "Supplier Part Number 1"; Value = "160-1827-1-ND"; VariantName = "[No Variations]"
Added Component: Designator=LDG(0603 LED-Green)
Add component. Clean all parameters for all variants
Add component (AddParameter): Name = "Supplier 1"; Value = "Digi-Key"; VariantName = "[No Variations]"
Add component (AddParameter): Name = "Supplier Part Number 1"; Value = "160-1446-1-ND"; VariantName = "[No Variations]"
Added Component: Designator=MCP1640(MCP1640)
Add component. Clean all parameters for all variants
Add component (AddParameter): Name = "Supplier 1"; Value = "Digi-Key"; VariantName = "[No Variations]"
Add component (AddParameter): Name = "Supplier Part Number 1"; Value = "MCP1640T-I/CHYCT-ND"; VariantName = "[No Variations]"
Added Component: Designator=MHET SOCKET(S8B-ZR-SM4A-TF)
Add component. Clean all parameters for all variants
Add component (AddParameter): Name = "Supplier 1"; Value = "Digi-Key"; VariantName = "[No Variations]"
Add component (AddParameter): Name = "Supplier Part Number 1"; Value = "455-1698-1-ND"; VariantName = "[No Variations]"
Added Component: Designator=MicroUSB(MicroUSB)
Add component. Clean all parameters for all variants
Add component (AddParameter): Name = "Supplier 1"; Value = "Digi-Key"; VariantName = "[No Variations]"
Add component (AddParameter): Name = "Supplier Part Number 1"; Value = "609-4050-1-ND"; VariantName = "[No Variations]"
Added Component: Designator=PMS1(S8B-ZR-SM4A-TF)
Add component. Clean all parameters for all variants
Add component (AddParameter): Name = "Supplier 1"; Value = "Digi-Key"; VariantName = "[No Variations]"
Add component (AddParameter): Name = "Supplier Part Number 1"; Value = "455-1698-1-ND"; VariantName = "[No Variations]"
Added Component: Designator=PMS7003 SOCKET(S8B-ZR-SM4A-TF)
Add component. Clean all parameters for all variants
Add component (AddParameter): Name = "Supplier 1"; Value = "Digi-Key"; VariantName = "[No Variations]"
Add component (AddParameter): Name = "Supplier Part Number 1"; Value = "455-1698-1-ND"; VariantName = "[No Variations]"
Added Component: Designator=PMSG7(PMSG7)
Add component. Clean all parameters for all variants
Add component (AddParameter): Name = "Supplier 1"; Value = "Digi-Key"; VariantName = "[No Variations]"
Add component (AddParameter): Name = "Supplier Part Number 1"; Value = "609-3754-ND"; VariantName = "[No Variations]"
Added Component: Designator=R?(0805 Res)
Add component. Clean all parameters for all variants
Add component (AddParameter): Name = "Supplier 1"; Value = "Digi-Key"; VariantName = "[No Variations]"
Add component (AddParameter): Name = "Supplier Part Number 1"; Value = "RNCF0805DTE10K0CT-ND"; VariantName = "[No Variations]"
Add component (AddParameter): Name = "Value"; Value = "10K"; VariantName = "[No Variations]"
Added Component: Designator=R?(0805 Res)
Add component. Clean all parameters for all variants
Add component (AddParameter): Name = "Supplier 1"; Value = "Digi-Key"; VariantName = "[No Variations]"
Add component (AddParameter): Name = "Supplier Part Number 1"; Value = "RNCF0805DTE10K0CT-ND"; VariantName = "[No Variations]"
Add component (AddParameter): Name = "Value"; Value = "10K"; VariantName = "[No Variations]"
Added Component: Designator=R?(0805 Res)
Add component. Clean all parameters for all variants
Add component (AddParameter): Name = "Supplier 1"; Value = "Digi-Key"; VariantName = "[No Variations]"
Add component (AddParameter): Name = "Supplier Part Number 1"; Value = "RNCF0805DTE10K0CT-ND"; VariantName = "[No Variations]"
Add component (AddParameter): Name = "Value"; Value = "10K"; VariantName = "[No Variations]"
Added Component: Designator=R?(0805 Res)
Add component. Clean all parameters for all variants
Add component (AddParameter): Name = "Supplier 1"; Value = "Digi-Key"; VariantName = "[No Variations]"
Add component (AddParameter): Name = "Supplier Part Number 1"; Value = "RNCF0805DTE10K0CT-ND"; VariantName = "[No Variations]"
Add component (AddParameter): Name = "Value"; Value = "10K"; VariantName = "[No Variations]"
Added Component: Designator=R?(0805 Res)
Add component. Clean all parameters for all variants
Add component (AddParameter): Name = "Supplier 1"; Value = "Digi-Key"; VariantName = "[No Variations]"
Add component (AddParameter): Name = "Supplier Part Number 1"; Value = "RNCF0805DTE10K0CT-ND"; VariantName = "[No Variations]"
Add component (AddParameter): Name = "Value"; Value = "10K"; VariantName = "[No Variations]"
Added Component: Designator=R?(0805 Res)
Add component. Clean all parameters for all variants
Add component (AddParameter): Name = "Supplier 1"; Value = "Digi-Key"; VariantName = "[No Variations]"
Add component (AddParameter): Name = "Supplier Part Number 1"; Value = "RNCF0805DTE10K0CT-ND"; VariantName = "[No Variations]"
Add component (AddParameter): Name = "Value"; Value = "10K"; VariantName = "[No Variations]"
Added Component: Designator=R?(0805 Res)
Add component. Clean all parameters for all variants
Add component (AddParameter): Name = "Supplier 1"; Value = "Digi-Key"; VariantName = "[No Variations]"
Add component (AddParameter): Name = "Supplier Part Number 1"; Value = "RNCF0805DTE10K0CT-ND"; VariantName = "[No Variations]"
Add component (AddParameter): Name = "Value"; Value = "10K"; VariantName = "[No Variations]"
Added Component: Designator=R?(0805 Res)
Add component. Clean all parameters for all variants
Add component (AddParameter): Name = "Supplier 1"; Value = "Digi-Key"; VariantName = "[No Variations]"
Add component (AddParameter): Name = "Supplier Part Number 1"; Value = "RNCF0805DTE10K0CT-ND"; VariantName = "[No Variations]"
Add component (AddParameter): Name = "Value"; Value = "10K"; VariantName = "[No Variations]"
Added Component: Designator=R?(0805 Res)
Add component. Clean all parameters for all variants
Add component (AddParameter): Name = "Supplier 1"; Value = "Digi-Key"; VariantName = "[No Variations]"
Add component (AddParameter): Name = "Supplier Part Number 1"; Value = "RNCF0805DTE10K0CT-ND"; VariantName = "[No Variations]"
Add component (AddParameter): Name = "Value"; Value = "10K"; VariantName = "[No Variations]"
Added Component: Designator=R?(0805 Res)
Add component. Clean all parameters for all variants
Add component (AddParameter): Name = "Supplier 1"; Value = "Digi-Key"; VariantName = "[No Variations]"
Add component (AddParameter): Name = "Supplier Part Number 1"; Value = "P549DACT-ND"; VariantName = "[No Variations]"
Add component (AddParameter): Name = "Value"; Value = "540"; VariantName = "[No Variations]"
Added Component: Designator=R?(0805 Res)
Add component. Clean all parameters for all variants
Add component (AddParameter): Name = "Supplier 1"; Value = "Digi-Key"; VariantName = "[No Variations]"
Add component (AddParameter): Name = "Supplier Part Number 1"; Value = "P200KDACT-ND"; VariantName = "[No Variations]"
Add component (AddParameter): Name = "Value"; Value = "200K"; VariantName = "[No Variations]"
Added Component: Designator=R?(0805 Res)
Add component. Clean all parameters for all variants
Add component (AddParameter): Name = "Supplier 1"; Value = "Digi-Key"; VariantName = "[No Variations]"
Add component (AddParameter): Name = "Supplier Part Number 1"; Value = "P16908CT-ND"; VariantName = "[No Variations]"
Add component (AddParameter): Name = "Value"; Value = "82K"; VariantName = "[No Variations]"
Added Component: Designator=R?(0805 Res)
Add component. Clean all parameters for all variants
Add component (AddParameter): Name = "Supplier 1"; Value = "Digi-Key"; VariantName = "[No Variations]"
Add component (AddParameter): Name = "Supplier Part Number 1"; Value = "RNCP0805FTD1K00CT-ND"; VariantName = "[No Variations]"
Add component (AddParameter): Name = "Value"; Value = "1K"; VariantName = "[No Variations]"
Added Component: Designator=R?(0805 Res)
Add component. Clean all parameters for all variants
Add component (AddParameter): Name = "Supplier 1"; Value = "Digi-Key"; VariantName = "[No Variations]"
Add component (AddParameter): Name = "Supplier Part Number 1"; Value = "RNCF0805DTE10K0CT-ND"; VariantName = "[No Variations]"
Add component (AddParameter): Name = "Value"; Value = "10K"; VariantName = "[No Variations]"
Added Component: Designator=R?(0805 Res)
Add component. Clean all parameters for all variants
Add component (AddParameter): Name = "Supplier 1"; Value = "Digi-Key"; VariantName = "[No Variations]"
Add component (AddParameter): Name = "Supplier Part Number 1"; Value = "RNCP0805FTD1K50CT-ND"; VariantName = "[No Variations]"
Add component (AddParameter): Name = "Value"; Value = "1K5"; VariantName = "[No Variations]"
Added Component: Designator=R?(0805 Res)
Add component. Clean all parameters for all variants
Add component (AddParameter): Name = "Supplier 1"; Value = "Digi-Key"; VariantName = "[No Variations]"
Add component (AddParameter): Name = "Supplier Part Number 1"; Value = "RNCP0805FTD1K50CT-ND"; VariantName = "[No Variations]"
Add component (AddParameter): Name = "Value"; Value = "1K5"; VariantName = "[No Variations]"
Added Component: Designator=R?(0805 Res)
Add component. Clean all parameters for all variants
Add component (AddParameter): Name = "Supplier 1"; Value = "Digi-Key"; VariantName = "[No Variations]"
Add component (AddParameter): Name = "Supplier Part Number 1"; Value = "RMCF0805ZT0R00CT-ND"; VariantName = "[No Variations]"
Add component (AddParameter): Name = "Value"; Value = "0"; VariantName = "[No Variations]"
Added Component: Designator=R?(0805 Res)
Add component. Clean all parameters for all variants
Add component (AddParameter): Name = "Supplier 1"; Value = "Digi-Key"; VariantName = "[No Variations]"
Add component (AddParameter): Name = "Supplier Part Number 1"; Value = "P976DACT-ND"; VariantName = "[No Variations]"
Add component (AddParameter): Name = "Value"; Value = "976"; VariantName = "[No Variations]"
Added Component: Designator=R?(0805 Res)
Add component. Clean all parameters for all variants
Add component (AddParameter): Name = "Supplier 1"; Value = "Digi-Key"; VariantName = "[No Variations]"
Add component (AddParameter): Name = "Supplier Part Number 1"; Value = "A110494CT-ND"; VariantName = "[No Variations]"
Add component (AddParameter): Name = "Value"; Value = "309"; VariantName = "[No Variations]"
Added Component: Designator=R?(0805 Res)
Add component. Clean all parameters for all variants
Add component (AddParameter): Name = "Supplier 1"; Value = "Digi-Key"; VariantName = "[No Variations]"
Add component (AddParameter): Name = "Supplier Part Number 1"; Value = "P16873CT-ND"; VariantName = "[No Variations]"
Add component (AddParameter): Name = "Value"; Value = "100"; VariantName = "[No Variations]"
Added Component: Designator=R?(0805 Res)
Add component. Clean all parameters for all variants
Add component (AddParameter): Name = "Supplier 1"; Value = "Digi-Key"; VariantName = "[No Variations]"
Add component (AddParameter): Name = "Supplier Part Number 1"; Value = "RNCP0805FTD1K50CT-ND"; VariantName = "[No Variations]"
Add component (AddParameter): Name = "Value"; Value = "1K5"; VariantName = "[No Variations]"
Added Component: Designator=R?(0805 Res)
Add component. Clean all parameters for all variants
Add component (AddParameter): Name = "Supplier 1"; Value = "Digi-Key"; VariantName = "[No Variations]"
Add component (AddParameter): Name = "Supplier Part Number 1"; Value = "RNCP0805FTD1K50CT-ND"; VariantName = "[No Variations]"
Add component (AddParameter): Name = "Value"; Value = "1K5"; VariantName = "[No Variations]"
Added Component: Designator=R?(0805 Res)
Add component. Clean all parameters for all variants
Add component (AddParameter): Name = "Supplier 1"; Value = "Digi-Key"; VariantName = "[No Variations]"
Add component (AddParameter): Name = "Supplier Part Number 1"; Value = "RNCF0805DTE10K0CT-ND"; VariantName = "[No Variations]"
Add component (AddParameter): Name = "Value"; Value = "10K"; VariantName = "[No Variations]"
Added Component: Designator=R?(0805 Res)
Add component. Clean all parameters for all variants
Add component (AddParameter): Name = "Supplier 1"; Value = "Digi-Key"; VariantName = "[No Variations]"
Add component (AddParameter): Name = "Supplier Part Number 1"; Value = "RNCP0805FTD1K00CT-ND"; VariantName = "[No Variations]"
Add component (AddParameter): Name = "Value"; Value = "1K"; VariantName = "[No Variations]"
Added Component: Designator=R?(0805 Res)
Add component. Clean all parameters for all variants
Add component (AddParameter): Name = "Supplier 1"; Value = "Digi-Key"; VariantName = "[No Variations]"
Add component (AddParameter): Name = "Supplier Part Number 1"; Value = "A130138CT-ND"; VariantName = "[No Variations]"
Add component (AddParameter): Name = "Value"; Value = "4K7"; VariantName = "[No Variations]"
Added Component: Designator=R?(0805 Res)
Add component. Clean all parameters for all variants
Add component (AddParameter): Name = "Supplier 1"; Value = "Digi-Key"; VariantName = "[No Variations]"
Add component (AddParameter): Name = "Supplier Part Number 1"; Value = "RNCF0805DTE10K0CT-ND"; VariantName = "[No Variations]"
Add component (AddParameter): Name = "Value"; Value = "10K"; VariantName = "[No Variations]"
Added Component: Designator=R?(0805 Res)
Add component. Clean all parameters for all variants
Add component (AddParameter): Name = "Supplier 1"; Value = "Digi-Key"; VariantName = "[No Variations]"
Add component (AddParameter): Name = "Supplier Part Number 1"; Value = "RNCF0805DTE10K0CT-ND"; VariantName = "[No Variations]"
Add component (AddParameter): Name = "Value"; Value = "10K"; VariantName = "[No Variations]"
Added Component: Designator=R?(0805 Res)
Add component. Clean all parameters for all variants
Add component (AddParameter): Name = "Supplier 1"; Value = "Digi-Key"; VariantName = "[No Variations]"
Add component (AddParameter): Name = "Supplier Part Number 1"; Value = "P.03AQCT-ND"; VariantName = "[No Variations]"
Add component (AddParameter): Name = "Value"; Value = "30m"; VariantName = "[No Variations]"
Added Component: Designator=R?(0805 Res)
Add component. Clean all parameters for all variants
Add component (AddParameter): Name = "Supplier 1"; Value = "Digi-Key"; VariantName = "[No Variations]"
Add component (AddParameter): Name = "Supplier Part Number 1"; Value = "RNCF0805DTE10K0CT-ND"; VariantName = "[No Variations]"
Add component (AddParameter): Name = "Value"; Value = "10K"; VariantName = "[No Variations]"
Added Component: Designator=R?(0805 Res)
Add component. Clean all parameters for all variants
Add component (AddParameter): Name = "Supplier 1"; Value = "Digi-Key"; VariantName = "[No Variations]"
Add component (AddParameter): Name = "Supplier Part Number 1"; Value = "A130138CT-ND"; VariantName = "[No Variations]"
Add component (AddParameter): Name = "Value"; Value = "4K7"; VariantName = "[No Variations]"
Added Component: Designator=R?(0805 Res)
Add component. Clean all parameters for all variants
Add component (AddParameter): Name = "Supplier 1"; Value = "Digi-Key"; VariantName = "[No Variations]"
Add component (AddParameter): Name = "Supplier Part Number 1"; Value = "A130138CT-ND"; VariantName = "[No Variations]"
Add component (AddParameter): Name = "Value"; Value = "4K7"; VariantName = "[No Variations]"
Added Component: Designator=R?(0805 Res)
Add component. Clean all parameters for all variants
Add component (AddParameter): Name = "Supplier 1"; Value = "Digi-Key"; VariantName = "[No Variations]"
Add component (AddParameter): Name = "Supplier Part Number 1"; Value = "RNCF0805DTE10K0CT-ND"; VariantName = "[No Variations]"
Add component (AddParameter): Name = "Value"; Value = "10K"; VariantName = "[No Variations]"
Added Component: Designator=R?(0805 Res)
Add component. Clean all parameters for all variants
Add component (AddParameter): Name = "Supplier 1"; Value = "Digi-Key"; VariantName = "[No Variations]"
Add component (AddParameter): Name = "Supplier Part Number 1"; Value = "A130138CT-ND"; VariantName = "[No Variations]"
Add component (AddParameter): Name = "Value"; Value = "4K7"; VariantName = "[No Variations]"
Added Component: Designator=R?(0805 Res)
Add component. Clean all parameters for all variants
Add component (AddParameter): Name = "Supplier 1"; Value = "Digi-Key"; VariantName = "[No Variations]"
Add component (AddParameter): Name = "Supplier Part Number 1"; Value = "RNCP0805FTD1K00CT-ND"; VariantName = "[No Variations]"
Add component (AddParameter): Name = "Value"; Value = "1K"; VariantName = "[No Variations]"
Added Component: Designator=R?(0805 Res)
Add component. Clean all parameters for all variants
Add component (AddParameter): Name = "Supplier 1"; Value = "Digi-Key"; VariantName = "[No Variations]"
Add component (AddParameter): Name = "Supplier Part Number 1"; Value = "RNCF0805DTE10K0CT-ND"; VariantName = "[No Variations]"
Add component (AddParameter): Name = "Value"; Value = "10K"; VariantName = "[No Variations]"
Added Component: Designator=SENSOR SOCKET1(S8B-ZR-SM4A-TF)
Add component. Clean all parameters for all variants
Add component (AddParameter): Name = "Supplier 1"; Value = "Digi-Key"; VariantName = "[No Variations]"
Add component (AddParameter): Name = "Supplier Part Number 1"; Value = "455-1698-1-ND"; VariantName = "[No Variations]"
Added Component: Designator=SENSOR SOCKET(S8B-ZR-SM4A-TF)
Add component. Clean all parameters for all variants
Add component (AddParameter): Name = "Supplier 1"; Value = "Digi-Key"; VariantName = "[No Variations]"
Add component (AddParameter): Name = "Supplier Part Number 1"; Value = "455-1698-1-ND"; VariantName = "[No Variations]"
Added Component: Designator=SHT35(SHT35)
Add component. Clean all parameters for all variants
Add component (AddParameter): Name = "Supplier 1"; Value = "Digi-Key"; VariantName = "[No Variations]"
Add component (AddParameter): Name = "Supplier Part Number 1"; Value = "1649-1062-1-ND"; VariantName = "[No Variations]"
Added Component: Designator=STC3100(STC3100)
Add component. Clean all parameters for all variants
Add component (AddParameter): Name = "Supplier 1"; Value = "Digi-Key"; VariantName = "[No Variations]"
Add component (AddParameter): Name = "Supplier Part Number 1"; Value = "497-10526-1-ND"; VariantName = "[No Variations]"
Added Component: Designator=U2(MRF24J40MA)
Add component. Clean all parameters for all variants
Add component (AddParameter): Name = "Digi-Key_Part_Number"; Value = "MRF24J40MAT-I/RMTR-ND"; VariantName = "[No Variations]"
Add component (AddParameter): Name = "Digi-Key_Purchase_URL"; Value = "https://www.digikey.es/product-detail/en/microchip-technology/MRF24J40MAT-I-RM/MRF24J40MAT-I-RMTR-ND/2002555?utm_source=snapeda&utm_medium=aggregator&utm_campaign=symbol"; VariantName = "[No Variations]"
Add component (AddParameter): Name = "MF"; Value = "Microchip"; VariantName = "[No Variations]"
Add component (AddParameter): Name = "MP"; Value = "MRF24J40MA"; VariantName = "[No Variations]"
Add component (AddParameter): Name = "Package"; Value = "Module Microchip"; VariantName = "[No Variations]"
Add component (AddParameter): Name = "SnapEDA_Link"; Value = "https://www.snapeda.com/parts/MRF24J40MA/Microchip/view-part/?ref=snap"; VariantName = "[No Variations]"
Add component (AddParameter): Name = "Supplier 1"; Value = "Digi-Key"; VariantName = "[No Variations]"
Add component (AddParameter): Name = "Supplier Part Number 1"; Value = "MRF24J40MA-I/RM-ND"; VariantName = "[No Variations]"
Add component (AddParameter): Name = "Value"; Value = ""; VariantName = "[No Variations]"
Added Component: Designator=U?(PIC32MZ2048EFH064)
Add component. Clean all parameters for all variants
Add component (AddParameter): Name = "Availability"; Value = "Unavailable"; VariantName = "[No Variations]"
Add component (AddParameter): Name = "MF"; Value = "Microchip"; VariantName = "[No Variations]"
Add component (AddParameter): Name = "MP"; Value = "PIC32MZ2048EFH064-I/PT"; VariantName = "[No Variations]"
Add component (AddParameter): Name = "Package"; Value = "TQFP-64 Microchip"; VariantName = "[No Variations]"
Add component (AddParameter): Name = "Price"; Value = "None"; VariantName = "[No Variations]"
Add component (AddParameter): Name = "SnapEDA_Link"; Value = "https://www.snapeda.com/parts/PIC32MZ2048EFH064-I/PT/Microchip/view-part/?ref=snap"; VariantName = "[No Variations]"
Add component (AddParameter): Name = "Supplier 1"; Value = "Digi-Key"; VariantName = "[No Variations]"
Add component (AddParameter): Name = "Supplier Part Number 1"; Value = "PIC32MZ2048EFH064-I/PT-ND"; VariantName = "[No Variations]"
Add component (AddParameter): Name = "Value"; Value = ""; VariantName = "[No Variations]"
Added Pin To Net: NetName=GND Pin=AP6015-3
Added Pin To Net: NetName=GND Pin=AP6015-10
Added Pin To Net: NetName=GND Pin=bq2409x-3
Added Pin To Net: NetName=GND Pin=bq2409x-11
Added Pin To Net: NetName=GND Pin=BTN_TST1-2
Added Pin To Net: NetName=GND Pin=BTN_TST2-2
Added Pin To Net: NetName=GND Pin=BUTTONS SOCKET-7
Added Pin To Net: NetName=GND Pin=C?-1
Added Pin To Net: NetName=GND Pin=C?-1
Added Pin To Net: NetName=GND Pin=C?-1
Added Pin To Net: NetName=GND Pin=C?-1
Added Pin To Net: NetName=GND Pin=C?-1
Added Pin To Net: NetName=GND Pin=C?-1
Added Pin To Net: NetName=GND Pin=C?-1
Added Pin To Net: NetName=GND Pin=C?-1
Added Pin To Net: NetName=GND Pin=C?-1
Added Pin To Net: NetName=GND Pin=C?-1
Added Pin To Net: NetName=GND Pin=C?-1
Added Pin To Net: NetName=GND Pin=C?-1
Added Pin To Net: NetName=GND Pin=C?-1
Added Pin To Net: NetName=GND Pin=C?-1
Added Pin To Net: NetName=GND Pin=C?-1
Added Pin To Net: NetName=GND Pin=C?-1
Added Pin To Net: NetName=GND Pin=C?-1
Added Pin To Net: NetName=GND Pin=C?-2
Added Pin To Net: NetName=GND Pin=C?-2
Added Pin To Net: NetName=GND Pin=C?-2
Added Pin To Net: NetName=GND Pin=C?-2
Added Pin To Net: NetName=GND Pin=C?-2
Added Pin To Net: NetName=GND Pin=C?-2
Added Pin To Net: NetName=GND Pin=C?-2
Added Pin To Net: NetName=GND Pin=DZ-?-1
Added Pin To Net: NetName=GND Pin=J1-6
Added Pin To Net: NetName=GND Pin=J1-DT
Added Pin To Net: NetName=GND Pin=J1-P1
Added Pin To Net: NetName=GND Pin=J1-P2
Added Pin To Net: NetName=GND Pin=J1-P3
Added Pin To Net: NetName=GND Pin=J1-P4
Added Pin To Net: NetName=GND Pin=J1-P5
Added Pin To Net: NetName=GND Pin=MCP1640-2
Added Pin To Net: NetName=GND Pin=MHET SOCKET-7
Added Pin To Net: NetName=GND Pin=MicroUSB-5
Added Pin To Net: NetName=GND Pin=MicroUSB-5
Added Pin To Net: NetName=GND Pin=MicroUSB-5
Added Pin To Net: NetName=GND Pin=MicroUSB-5
Added Pin To Net: NetName=GND Pin=MicroUSB-5
Added Pin To Net: NetName=GND Pin=MicroUSB-5
Added Pin To Net: NetName=GND Pin=MicroUSB-5
Added Pin To Net: NetName=GND Pin=PMS7003 SOCKET-7
Added Pin To Net: NetName=GND Pin=R?-1
Added Pin To Net: NetName=GND Pin=R?-1
Added Pin To Net: NetName=GND Pin=R?-1
Added Pin To Net: NetName=GND Pin=R?-1
Added Pin To Net: NetName=GND Pin=R?-2
Added Pin To Net: NetName=GND Pin=R?-2
Added Pin To Net: NetName=GND Pin=SENSOR SOCKET-6
Added Pin To Net: NetName=GND Pin=STC3100-5
Added Pin To Net: NetName=GND Pin=U2-1
Added Pin To Net: NetName=GND Pin=U2-11
Added Pin To Net: NetName=GND Pin=U2-12
Added Pin To Net: NetName=GND Pin=U?-7
Added Pin To Net: NetName=GND Pin=U?-20
Added Pin To Net: NetName=GND Pin=U?-25
Added Pin To Net: NetName=GND Pin=U?-34
Added Pin To Net: NetName=GND Pin=U?-35
Added Pin To Net: NetName=GND Pin=U?-40
Added Pin To Net: NetName=GND Pin=U?-55
Added Pin To Net: NetName=GND Pin=U?-59
Added Net: Name=GND
Added Pin To Net: NetName=Net10114830_1 Pin=AP6015-1
Added Pin To Net: NetName=Net10114830_1 Pin=bq2409x-10
Added Pin To Net: NetName=Net10114830_1 Pin=C?-2
Added Pin To Net: NetName=Net10114830_1 Pin=C?-2
Added Pin To Net: NetName=Net10114830_1 Pin=C?-2
Added Pin To Net: NetName=Net10114830_1 Pin=C?-2
Added Pin To Net: NetName=Net10114830_1 Pin=C?-2
Added Pin To Net: NetName=Net10114830_1 Pin=DZ-?-2
Added Pin To Net: NetName=Net10114830_1 Pin=L?-2
Added Pin To Net: NetName=Net10114830_1 Pin=MCP1640-6
Added Pin To Net: NetName=Net10114830_1 Pin=R?-1
Added Pin To Net: NetName=Net10114830_1 Pin=R?-1
Added Pin To Net: NetName=Net10114830_1 Pin=R?-2
Added Pin To Net: NetName=Net10114830_1 Pin=R?-2
Added Pin To Net: NetName=Net10114830_1 Pin=STC3100-7
Added Net: Name=Net10114830_1
Added Pin To Net: NetName=NetAP6015_2 Pin=AP6015-2
Added Pin To Net: NetName=NetAP6015_2 Pin=AP6015-8
Added Pin To Net: NetName=NetAP6015_2 Pin=C?-2
Added Pin To Net: NetName=NetAP6015_2 Pin=R?-1
Added Net: Name=NetAP6015_2
Added Pin To Net: NetName=NetAP6015_5 Pin=AP6015-5
Added Pin To Net: NetName=NetAP6015_5 Pin=L?-1
Added Net: Name=NetAP6015_5
Added Pin To Net: NetName=NetAP6015_6 Pin=AP6015-6
Added Pin To Net: NetName=NetAP6015_6 Pin=R?-2
Added Net: Name=NetAP6015_6
Added Pin To Net: NetName=NetAP6015_9 Pin=AP6015-9
Added Pin To Net: NetName=NetAP6015_9 Pin=BUTTONS SOCKET-8
Added Pin To Net: NetName=NetAP6015_9 Pin=C?-1
Added Pin To Net: NetName=NetAP6015_9 Pin=C?-1
Added Pin To Net: NetName=NetAP6015_9 Pin=C?-1
Added Pin To Net: NetName=NetAP6015_9 Pin=C?-2
Added Pin To Net: NetName=NetAP6015_9 Pin=C?-2
Added Pin To Net: NetName=NetAP6015_9 Pin=C?-2
Added Pin To Net: NetName=NetAP6015_9 Pin=C?-2
Added Pin To Net: NetName=NetAP6015_9 Pin=J1-4
Added Pin To Net: NetName=NetAP6015_9 Pin=L?-2
Added Pin To Net: NetName=NetAP6015_9 Pin=MHET SOCKET-8
Added Pin To Net: NetName=NetAP6015_9 Pin=R?-1
Added Pin To Net: NetName=NetAP6015_9 Pin=R?-1
Added Pin To Net: NetName=NetAP6015_9 Pin=R?-1
Added Pin To Net: NetName=NetAP6015_9 Pin=R?-1
Added Pin To Net: NetName=NetAP6015_9 Pin=R?-1
Added Pin To Net: NetName=NetAP6015_9 Pin=R?-1
Added Pin To Net: NetName=NetAP6015_9 Pin=R?-1
Added Pin To Net: NetName=NetAP6015_9 Pin=R?-1
Added Pin To Net: NetName=NetAP6015_9 Pin=R?-1
Added Pin To Net: NetName=NetAP6015_9 Pin=R?-2
Added Pin To Net: NetName=NetAP6015_9 Pin=R?-2
Added Pin To Net: NetName=NetAP6015_9 Pin=R?-2
Added Pin To Net: NetName=NetAP6015_9 Pin=R?-2
Added Pin To Net: NetName=NetAP6015_9 Pin=SENSOR SOCKET-4
Added Pin To Net: NetName=NetAP6015_9 Pin=U2-10
Added Pin To Net: NetName=NetAP6015_9 Pin=U?-8
Added Pin To Net: NetName=NetAP6015_9 Pin=U?-19
Added Pin To Net: NetName=NetAP6015_9 Pin=U?-26
Added Pin To Net: NetName=NetAP6015_9 Pin=U?-39
Added Pin To Net: NetName=NetAP6015_9 Pin=U?-54
Added Pin To Net: NetName=NetAP6015_9 Pin=U?-60
Added Net: Name=NetAP6015_9
Added Pin To Net: NetName=Netbq2409x_1 Pin=bq2409x-1
Added Pin To Net: NetName=Netbq2409x_1 Pin=C?-2
Added Pin To Net: NetName=Netbq2409x_1 Pin=C?-2
Added Pin To Net: NetName=Netbq2409x_1 Pin=C?-2
Added Pin To Net: NetName=Netbq2409x_1 Pin=C?-2
Added Pin To Net: NetName=Netbq2409x_1 Pin=MicroUSB-1
Added Net: Name=Netbq2409x_1
Added Pin To Net: NetName=Netbq2409x_2 Pin=bq2409x-2
Added Pin To Net: NetName=Netbq2409x_2 Pin=R?-1
Added Pin To Net: NetName=Netbq2409x_2 Pin=R?-2
Added Net: Name=Netbq2409x_2
Added Pin To Net: NetName=Netbq2409x_4 Pin=bq2409x-4
Added Pin To Net: NetName=Netbq2409x_4 Pin=R?-2
Added Net: Name=Netbq2409x_4
Added Pin To Net: NetName=Netbq2409x_5 Pin=bq2409x-5
Added Pin To Net: NetName=Netbq2409x_5 Pin=LDG-2
Added Net: Name=Netbq2409x_5
Added Pin To Net: NetName=Netbq2409x_7 Pin=bq2409x-7
Added Pin To Net: NetName=Netbq2409x_7 Pin=R?-2
Added Net: Name=Netbq2409x_7
Added Pin To Net: NetName=Netbq2409x_8 Pin=bq2409x-8
Added Pin To Net: NetName=Netbq2409x_8 Pin=LDB-2
Added Net: Name=Netbq2409x_8
Added Pin To Net: NetName=Netbq2409x_9 Pin=bq2409x-9
Added Pin To Net: NetName=Netbq2409x_9 Pin=R?-2
Added Net: Name=Netbq2409x_9
Added Pin To Net: NetName=NetBTN1_1 Pin=BTN1-1
Added Pin To Net: NetName=NetBTN1_1 Pin=R?-1
Added Pin To Net: NetName=NetBTN1_1 Pin=R?-1
Added Net: Name=NetBTN1_1
Added Pin To Net: NetName=NetBTN1_2 Pin=BTN1-2
Added Pin To Net: NetName=NetBTN1_2 Pin=BTN2-2
Added Pin To Net: NetName=NetBTN1_2 Pin=BTN3-2
Added Pin To Net: NetName=NetBTN1_2 Pin=BUTTONS SOCKET1-2
Added Pin To Net: NetName=NetBTN1_2 Pin=C?-2
Added Pin To Net: NetName=NetBTN1_2 Pin=C?-2
Added Pin To Net: NetName=NetBTN1_2 Pin=C?-2
Added Net: Name=NetBTN1_2
Added Pin To Net: NetName=NetBTN2_1 Pin=BTN2-1
Added Pin To Net: NetName=NetBTN2_1 Pin=R?-1
Added Pin To Net: NetName=NetBTN2_1 Pin=R?-1
Added Net: Name=NetBTN2_1
Added Pin To Net: NetName=NetBTN3_1 Pin=BTN3-1
Added Pin To Net: NetName=NetBTN3_1 Pin=R?-1
Added Pin To Net: NetName=NetBTN3_1 Pin=R?-1
Added Net: Name=NetBTN3_1
Added Pin To Net: NetName=NetBTN_TST1_1 Pin=BTN_TST1-1
Added Pin To Net: NetName=NetBTN_TST1_1 Pin=R?-1
Added Pin To Net: NetName=NetBTN_TST1_1 Pin=R?-1
Added Net: Name=NetBTN_TST1_1
Added Pin To Net: NetName=NetBTN_TST2_1 Pin=BTN_TST2-1
Added Pin To Net: NetName=NetBTN_TST2_1 Pin=R?-1
Added Pin To Net: NetName=NetBTN_TST2_1 Pin=R?-1
Added Net: Name=NetBTN_TST2_1
Added Pin To Net: NetName=NetBUTTONS SOCKET1_1 Pin=BUTTONS SOCKET1-1
Added Pin To Net: NetName=NetBUTTONS SOCKET1_1 Pin=R?-2
Added Pin To Net: NetName=NetBUTTONS SOCKET1_1 Pin=R?-2
Added Pin To Net: NetName=NetBUTTONS SOCKET1_1 Pin=R?-2
Added Net: Name=NetBUTTONS SOCKET1_1
Added Pin To Net: NetName=NetBUTTONS SOCKET1_4 Pin=BUTTONS SOCKET1-4
Added Net: Name=NetBUTTONS SOCKET1_4
Added Pin To Net: NetName=NetBUTTONS SOCKET1_6 Pin=BUTTONS SOCKET1-6
Added Net: Name=NetBUTTONS SOCKET1_6
Added Pin To Net: NetName=NetBUTTONS SOCKET1_8 Pin=BUTTONS SOCKET1-8
Added Net: Name=NetBUTTONS SOCKET1_8
Added Pin To Net: NetName=NetBUTTONS SOCKET_1 Pin=BUTTONS SOCKET-1
Added Pin To Net: NetName=NetBUTTONS SOCKET_1 Pin=U?-63
Added Net: Name=NetBUTTONS SOCKET_1
Added Pin To Net: NetName=NetBUTTONS SOCKET_3 Pin=BUTTONS SOCKET-3
Added Pin To Net: NetName=NetBUTTONS SOCKET_3 Pin=U?-57
Added Net: Name=NetBUTTONS SOCKET_3
Added Pin To Net: NetName=NetBUTTONS SOCKET_5 Pin=BUTTONS SOCKET-5
Added Pin To Net: NetName=NetBUTTONS SOCKET_5 Pin=U?-56
Added Net: Name=NetBUTTONS SOCKET_5
Added Pin To Net: NetName=NetC?_1 Pin=C?-1
Added Pin To Net: NetName=NetC?_1 Pin=R?-2
Added Net: Name=NetC?_1
Added Pin To Net: NetName=NetC?_2 Pin=C?-2
Added Pin To Net: NetName=NetC?_2 Pin=R?-1
Added Pin To Net: NetName=NetC?_2 Pin=R?-1
Added Net: Name=NetC?_2
Added Pin To Net: NetName=NetJ1_2 Pin=J1-2
Added Pin To Net: NetName=NetJ1_2 Pin=R?-2
Added Pin To Net: NetName=NetJ1_2 Pin=U?-16
Added Net: Name=NetJ1_2
Added Pin To Net: NetName=NetJ1_3 Pin=J1-3
Added Pin To Net: NetName=NetJ1_3 Pin=R?-2
Added Pin To Net: NetName=NetJ1_3 Pin=U?-5
Added Net: Name=NetJ1_3
Added Pin To Net: NetName=NetJ1_5 Pin=J1-5
Added Pin To Net: NetName=NetJ1_5 Pin=R?-2
Added Pin To Net: NetName=NetJ1_5 Pin=U?-29
Added Net: Name=NetJ1_5
Added Pin To Net: NetName=NetJ1_7 Pin=J1-7
Added Pin To Net: NetName=NetJ1_7 Pin=R?-2
Added Pin To Net: NetName=NetJ1_7 Pin=U?-6
Added Net: Name=NetJ1_7
Added Pin To Net: NetName=NetJ1_SW Pin=J1-SW
Added Pin To Net: NetName=NetJ1_SW Pin=U?-12
Added Net: Name=NetJ1_SW
Added Pin To Net: NetName=NetL?_1 Pin=L?-1
Added Pin To Net: NetName=NetL?_1 Pin=MCP1640-1
Added Net: Name=NetL?_1
Added Pin To Net: NetName=NetLD_TST_1_1 Pin=LD_TST_1-1
Added Pin To Net: NetName=NetLD_TST_1_1 Pin=R?-2
Added Net: Name=NetLD_TST_1_1
Added Pin To Net: NetName=NetLD_TST_1_2 Pin=LD_TST_1-2
Added Pin To Net: NetName=NetLD_TST_1_2 Pin=U?-21
Added Net: Name=NetLD_TST_1_2
Added Pin To Net: NetName=NetLD_TST_2_1 Pin=LD_TST_2-1
Added Pin To Net: NetName=NetLD_TST_2_1 Pin=R?-1
Added Net: Name=NetLD_TST_2_1
Added Pin To Net: NetName=NetLD_TST_2_2 Pin=LD_TST_2-2
Added Pin To Net: NetName=NetLD_TST_2_2 Pin=U?-22
Added Net: Name=NetLD_TST_2_2
Added Pin To Net: NetName=NetLDB_1 Pin=LDB-1
Added Pin To Net: NetName=NetLDB_1 Pin=R?-1
Added Net: Name=NetLDB_1
Added Pin To Net: NetName=NetLDG_1 Pin=LDG-1
Added Pin To Net: NetName=NetLDG_1 Pin=R?-2
Added Net: Name=NetLDG_1
Added Pin To Net: NetName=NetMCP1640_3 Pin=MCP1640-3
Added Net: Name=NetMCP1640_3
Added Pin To Net: NetName=NetMCP1640_4 Pin=MCP1640-4
Added Pin To Net: NetName=NetMCP1640_4 Pin=R?-1
Added Pin To Net: NetName=NetMCP1640_4 Pin=R?-2
Added Net: Name=NetMCP1640_4
Added Pin To Net: NetName=NetMHET SOCKET_1 Pin=MHET SOCKET-1
Added Pin To Net: NetName=NetMHET SOCKET_1 Pin=U?-64
Added Net: Name=NetMHET SOCKET_1
Added Pin To Net: NetName=NetMHET SOCKET_2 Pin=MHET SOCKET-2
Added Pin To Net: NetName=NetMHET SOCKET_2 Pin=U?-3
Added Net: Name=NetMHET SOCKET_2
Added Pin To Net: NetName=NetMHET SOCKET_3 Pin=MHET SOCKET-3
Added Pin To Net: NetName=NetMHET SOCKET_3 Pin=U?-2
Added Net: Name=NetMHET SOCKET_3
Added Pin To Net: NetName=NetMHET SOCKET_4 Pin=MHET SOCKET-4
Added Pin To Net: NetName=NetMHET SOCKET_4 Pin=U?-10
Added Net: Name=NetMHET SOCKET_4
Added Pin To Net: NetName=NetMHET SOCKET_5 Pin=MHET SOCKET-5
Added Net: Name=NetMHET SOCKET_5
Added Pin To Net: NetName=NetMHET SOCKET_6 Pin=MHET SOCKET-6
Added Net: Name=NetMHET SOCKET_6
Added Pin To Net: NetName=NetPMS1_1 Pin=PMS1-1
Added Net: Name=NetPMS1_1
Added Pin To Net: NetName=NetPMS1_2 Pin=PMS1-2
Added Net: Name=NetPMS1_2
Added Pin To Net: NetName=NetPMS1_3 Pin=PMS1-3
Added Net: Name=NetPMS1_3
Added Pin To Net: NetName=NetPMS1_4 Pin=PMS1-4
Added Net: Name=NetPMS1_4
Added Pin To Net: NetName=NetPMS1_5 Pin=PMS1-5
Added Net: Name=NetPMS1_5
Added Pin To Net: NetName=NetPMS1_6 Pin=PMS1-6
Added Net: Name=NetPMS1_6
Added Pin To Net: NetName=NetPMS7003 SOCKET_3 Pin=PMS7003 SOCKET-3
Added Pin To Net: NetName=NetPMS7003 SOCKET_3 Pin=U?-32
Added Net: Name=NetPMS7003 SOCKET_3
Added Pin To Net: NetName=NetPMS7003 SOCKET_4 Pin=PMS7003 SOCKET-4
Added Pin To Net: NetName=NetPMS7003 SOCKET_4 Pin=U?-23
Added Net: Name=NetPMS7003 SOCKET_4
Added Pin To Net: NetName=NetPMS7003 SOCKET_5 Pin=PMS7003 SOCKET-5
Added Pin To Net: NetName=NetPMS7003 SOCKET_5 Pin=U?-15
Added Net: Name=NetPMS7003 SOCKET_5
Added Pin To Net: NetName=NetPMS7003 SOCKET_6 Pin=PMS7003 SOCKET-6
Added Pin To Net: NetName=NetPMS7003 SOCKET_6 Pin=U?-31
Added Net: Name=NetPMS7003 SOCKET_6
Added Pin To Net: NetName=NetR?_1 Pin=R?-1
Added Pin To Net: NetName=NetR?_1 Pin=STC3100-2
Added Net: Name=NetR?_1
Added Pin To Net: NetName=NetR?_2 Pin=R?-2
Added Pin To Net: NetName=NetR?_2 Pin=SENSOR SOCKET-1
Added Pin To Net: NetName=NetR?_2 Pin=U?-50
Added Net: Name=NetR?_2
Added Pin To Net: NetName=NetSENSOR SOCKET1_4 Pin=SENSOR SOCKET1-4
Added Pin To Net: NetName=NetSENSOR SOCKET1_4 Pin=SHT35-6
Added Net: Name=NetSENSOR SOCKET1_4
Added Pin To Net: NetName=NetSENSOR SOCKET1_6 Pin=SENSOR SOCKET1-6
Added Pin To Net: NetName=NetSENSOR SOCKET1_6 Pin=SHT35-4
Added Net: Name=NetSENSOR SOCKET1_6
Added Pin To Net: NetName=NetSENSOR SOCKET1_7 Pin=SENSOR SOCKET1-7
Added Pin To Net: NetName=NetSENSOR SOCKET1_7 Pin=SHT35-3
Added Net: Name=NetSENSOR SOCKET1_7
Added Pin To Net: NetName=NetSENSOR SOCKET1_8 Pin=SENSOR SOCKET1-8
Added Pin To Net: NetName=NetSENSOR SOCKET1_8 Pin=SHT35-1
Added Net: Name=NetSENSOR SOCKET1_8
Added Pin To Net: NetName=NetSENSOR SOCKET_2 Pin=SENSOR SOCKET-2
Added Pin To Net: NetName=NetSENSOR SOCKET_2 Pin=U?-17
Added Net: Name=NetSENSOR SOCKET_2
Added Pin To Net: NetName=NetSENSOR SOCKET_5 Pin=SENSOR SOCKET-5
Added Pin To Net: NetName=NetSENSOR SOCKET_5 Pin=U?-62
Added Net: Name=NetSENSOR SOCKET_5
Added Pin To Net: NetName=NetU2_2 Pin=U2-2
Added Pin To Net: NetName=NetU2_2 Pin=U?-61
Added Net: Name=NetU2_2
Added Pin To Net: NetName=NetU2_3 Pin=U2-3
Added Pin To Net: NetName=NetU2_3 Pin=U?-58
Added Net: Name=NetU2_3
Added Pin To Net: NetName=NetU2_4 Pin=U2-4
Added Pin To Net: NetName=NetU2_4 Pin=U?-46
Added Net: Name=NetU2_4
Added Pin To Net: NetName=NetU2_5 Pin=U2-5
Added Net: Name=NetU2_5
Added Pin To Net: NetName=NetU2_6 Pin=U2-6
Added Net: Name=NetU2_6
Added Pin To Net: NetName=NetU2_7 Pin=U2-7
Added Net: Name=NetU2_7
Added Pin To Net: NetName=NetU2_8 Pin=U2-8
Added Pin To Net: NetName=NetU2_8 Pin=U?-53
Added Net: Name=NetU2_8
Added Pin To Net: NetName=NetU?_1 Pin=U?-1
Added Net: Name=NetU?_1
Added Pin To Net: NetName=NetU?_4 Pin=U?-4
Added Net: Name=NetU?_4
Added Pin To Net: NetName=NetU?_47 Pin=U?-47
Added Net: Name=NetU?_47
Added Pin To Net: NetName=NetU?_48 Pin=U?-48
Added Net: Name=NetU?_48
Added Pin To Net: NetName=NetU?_49 Pin=U?-49
Added Net: Name=NetU?_49
Added Class: Name=Esquematico
Added Room: Name=Esquematico
