Removed Pin From Net: NetName=Net74AUP1T34GW_5 Pin=AP6015-1
Removed Pin From Net: NetName=GND Pin=AP6015-3
Removed Pin From Net: NetName=Net74AUP1T34GW_1 Pin=AP6015-9
Removed Pin From Net: NetName=GND Pin=AP6015-10
Removed Pin From Net: NetName=GND Pin=C14-1
Removed Pin From Net: NetName=GND Pin=C16-1
Removed Pin From Net: NetName=Net74AUP1T34GW_5 Pin=R16-2
Removed Member From Class: ClassName=Esquematico Member=AP6015
Removed Member From Class: ClassName=Esquematico Member=C16
Change Component Footprint: Designator=L2 Old Footprint=L7030 New Footprint=L2.2uH
Change component parameters: Designator = "C14"; Footprint = "0805 CAP"; UniqueID = "\MFEOWWXG"
Change component parameters. Clean all parameters for all variants
Change component parameters (AddParameter): Name = "Supplier 1"; Value = "Digi-Key"; VariantName = "[No Variations]"
Change component parameters (AddParameter): Name = "Supplier Part Number 1"; Value = "399-1113-1-ND"; VariantName = "[No Variations]"
Change component parameters (AddParameter): Name = "Value"; Value = "22p"; VariantName = "[No Variations]"
Change component parameters: Designator = "L2"; Footprint = "L2.2uH"; UniqueID = "\MNWPHTSL"
Change component parameters. Clean all parameters for all variants
Change component parameters (AddParameter): Name = "Code_IEC"; Value = "1005"; VariantName = "[No Variations]"
Change component parameters (AddParameter): Name = "Code_JEITA"; Value = "0402"; VariantName = "[No Variations]"
Change component parameters (AddParameter): Name = "LatestRevisionDate"; Value = "29-May-2009"; VariantName = "[No Variations]"
Change component parameters (AddParameter): Name = "LatestRevisionNote"; Value = "IPC-7351 Footprint Added."; VariantName = "[No Variations]"
Change component parameters (AddParameter): Name = "PackageDescription"; Value = "Chip Inductor"; VariantName = "[No Variations]"
Change component parameters (AddParameter): Name = "PackageReference"; Value = "0402-A"; VariantName = "[No Variations]"
Change component parameters (AddParameter): Name = "Published"; Value = "8-Jun-2000"; VariantName = "[No Variations]"
Change component parameters (AddParameter): Name = "Publisher"; Value = "Altium Limited"; VariantName = "[No Variations]"
Change component parameters (AddParameter): Name = "Supplier 1"; Value = "Digi-Key"; VariantName = "[No Variations]"
Change component parameters (AddParameter): Name = "Supplier Part Number 1"; Value = "308-1569-1-ND"; VariantName = "[No Variations]"
Change component parameters (AddParameter): Name = "Value"; Value = "2.2uH"; VariantName = "[No Variations]"
Change component parameters: Designator = "R16"; Footprint = "0805 Res"; UniqueID = "\CJANPOSF"
Change component parameters. Clean all parameters for all variants
Change component parameters (AddParameter): Name = "Supplier 1"; Value = "Digi-Key"; VariantName = "[No Variations]"
Change component parameters (AddParameter): Name = "Supplier Part Number 1"; Value = "P430KDACT-ND"; VariantName = "[No Variations]"
Change component parameters (AddParameter): Name = "Value"; Value = "430K"; VariantName = "[No Variations]"
Change component parameters: Designator = "R19"; Footprint = "0805 Res"; UniqueID = "\RVDRRAMR"
Change component parameters. Clean all parameters for all variants
Change component parameters (AddParameter): Name = "Supplier 1"; Value = "Digi-Key"; VariantName = "[No Variations]"
Change component parameters (AddParameter): Name = "Supplier Part Number 1"; Value = "TNP100KABCT-ND"; VariantName = "[No Variations]"
Change component parameters (AddParameter): Name = "Value"; Value = "100K"; VariantName = "[No Variations]"
Added Component: Designator=AP3428A(AP3428A)
Add component. Clean all parameters for all variants
Add component (AddParameter): Name = "Supplier 1"; Value = "Digi-Key"; VariantName = "[No Variations]"
Add component (AddParameter): Name = "Supplier Part Number 1"; Value = "AP3428AKTTR-G1DICT-ND"; VariantName = "[No Variations]"
Added Pin To Net: NetName=Net74AUP1T34GW_5 Pin=AP3428A-1
Added Pin To Net: NetName=GND Pin=AP3428A-2
Added Pin To Net: NetName=Net74AUP1T34GW_5 Pin=AP3428A-3
Added Pin To Net: NetName=Net74AUP1T34GW_1 Pin=C14-2
Added Pin To Net: NetName=Net74AUP1T34GW_1 Pin=R16-2
Added Pin To Net: NetName=GND Pin=R19-1
Added Pin To Net: NetName=NetAP3428A_4 Pin=AP3428A-4
Added Pin To Net: NetName=NetAP3428A_4 Pin=C14-1
Added Pin To Net: NetName=NetAP3428A_4 Pin=R16-1
Added Pin To Net: NetName=NetAP3428A_4 Pin=R19-2
Added Net: Name=NetAP3428A_4
Added Pin To Net: NetName=NetAP3428A_5 Pin=AP3428A-5
Added Pin To Net: NetName=NetAP3428A_5 Pin=L2-1
Added Net: Name=NetAP3428A_5
Added Member To Class: ClassName=Esquematico Member=Component AP3428A
