Added Component: Designator=C31(0805 CAP)
Add component. Clean all parameters for all variants
Add component (AddParameter): Name = "Supplier 1"; Value = "Digi-Key"; VariantName = "[No Variations]"
Add component (AddParameter): Name = "Supplier Part Number 1"; Value = "490-8043-1-ND"; VariantName = "[No Variations]"
Add component (AddParameter): Name = "Value"; Value = "1u"; VariantName = "[No Variations]"
Added Component: Designator=C32(0805 CAP)
Add component. Clean all parameters for all variants
Add component (AddParameter): Name = "Supplier 1"; Value = "Digi-Key"; VariantName = "[No Variations]"
Add component (AddParameter): Name = "Supplier Part Number 1"; Value = "399-1169-1-ND"; VariantName = "[No Variations]"
Add component (AddParameter): Name = "Value"; Value = "100n"; VariantName = "[No Variations]"
Added Component: Designator=C33(0805 CAP)
Add component. Clean all parameters for all variants
Add component (AddParameter): Name = "Supplier 1"; Value = "Digi-Key"; VariantName = "[No Variations]"
Add component (AddParameter): Name = "Supplier Part Number 1"; Value = "490-8043-1-ND"; VariantName = "[No Variations]"
Add component (AddParameter): Name = "Value"; Value = "1u"; VariantName = "[No Variations]"
Added Component: Designator=C34(0805 CAP)
Add component. Clean all parameters for all variants
Add component (AddParameter): Name = "Supplier 1"; Value = "Digi-Key"; VariantName = "[No Variations]"
Add component (AddParameter): Name = "Supplier Part Number 1"; Value = "399-1169-1-ND"; VariantName = "[No Variations]"
Add component (AddParameter): Name = "Value"; Value = "100n"; VariantName = "[No Variations]"
Added Component: Designator=C35(0805 CAP)
Add component. Clean all parameters for all variants
Add component (AddParameter): Name = "Supplier 1"; Value = "Digi-Key"; VariantName = "[No Variations]"
Add component (AddParameter): Name = "Supplier Part Number 1"; Value = "490-8043-1-ND"; VariantName = "[No Variations]"
Add component (AddParameter): Name = "Value"; Value = "1u"; VariantName = "[No Variations]"
Added Pin To Net: NetName=NetC17_1 Pin=C31-1
Added Pin To Net: NetName=NetC17_2 Pin=C31-2
Added Pin To Net: NetName=NetPMS1_1 Pin=C32-1
Added Pin To Net: NetName=NetPMS1_2 Pin=C32-2
Added Pin To Net: NetName=NetPMS1_1 Pin=C33-1
Added Pin To Net: NetName=NetPMS1_2 Pin=C33-2
Added Pin To Net: NetName=Net74AUP1T34GW_1 Pin=C34-1
Added Pin To Net: NetName=GND Pin=C34-2
Added Pin To Net: NetName=Net74AUP1T34GW_1 Pin=C35-1
Added Pin To Net: NetName=GND Pin=C35-2
Change Net Name : Old Net Name=NetPMS1_1 New Net Name=NetC32_1
Change Net Name : Old Net Name=NetPMS1_2 New Net Name=NetC32_2
Added Member To Class: ClassName=Esquematico Member=Component C31 Cap
Added Member To Class: ClassName=Esquematico Member=Component C32 Cap
Added Member To Class: ClassName=Esquematico Member=Component C33 Cap
Added Member To Class: ClassName=Esquematico Member=Component C34 Cap
Added Member To Class: ClassName=Esquematico Member=Component C35 Cap
