Removed Pin From Net: NetName=Net74AUP1T34GW_1 Pin=uSD-4
Removed Pin From Net: NetName=GND Pin=uSD-6
Removed Pin From Net: NetName=GND Pin=uSD-DT
Removed Pin From Net: NetName=GND Pin=uSD-P1
Removed Pin From Net: NetName=GND Pin=uSD-P2
Removed Pin From Net: NetName=GND Pin=uSD-P3
Removed Pin From Net: NetName=GND Pin=uSD-P4
Removed Pin From Net: NetName=GND Pin=uSD-P5
Removed Member From Class: ClassName=Esquematico Member=uSD
Added Component: Designator=J?(MOLEX 503182-1852 (MicroSD))
Add component. Clean all parameters for all variants
Add component (AddParameter): Name = "Digi-Key_Part_Number"; Value = "WM12834CT-ND"; VariantName = "[No Variations]"
Add component (AddParameter): Name = "Digi-Key_Purchase_URL"; Value = "https://www.digikey.es/product-detail/en/molex/5031821852/WM12834CT-ND/5823232?utm_source=snapeda&utm_medium=aggregator&utm_campaign=symbol"; VariantName = "[No Variations]"
Add component (AddParameter): Name = "MF"; Value = "Molex"; VariantName = "[No Variations]"
Add component (AddParameter): Name = "MP"; Value = "5031821852"; VariantName = "[No Variations]"
Add component (AddParameter): Name = "Package"; Value = "None"; VariantName = "[No Variations]"
Add component (AddParameter): Name = "SnapEDA_Link"; Value = "https://www.snapeda.com/parts/5031821852/Molex/view-part/?ref=snap"; VariantName = "[No Variations]"
Add component (AddParameter): Name = "Supplier 1"; Value = "Digi-Key"; VariantName = "[No Variations]"
Add component (AddParameter): Name = "Supplier Part Number 1"; Value = "WM12834CT-ND"; VariantName = "[No Variations]"
Add component (AddParameter): Name = "Value"; Value = ""; VariantName = "[No Variations]"
Added Pin To Net: NetName=Net74AUP1T34GW_1 Pin=J?-4
Added Pin To Net: NetName=GND Pin=J?-6
Added Pin To Net: NetName=GND Pin=J?-DT
Added Pin To Net: NetName=GND Pin=J?-P1
Added Pin To Net: NetName=GND Pin=J?-P2
Added Pin To Net: NetName=GND Pin=J?-P3
Added Pin To Net: NetName=GND Pin=J?-P4
Added Pin To Net: NetName=GND Pin=J?-P5
Added Pin To Net: NetName=NetJ?_2 Pin=J?-2
Added Pin To Net: NetName=NetJ?_2 Pin=R32-2
Added Pin To Net: NetName=NetJ?_2 Pin=U1-16
Added Net: Name=NetJ?_2
Added Pin To Net: NetName=NetJ?_3 Pin=J?-3
Added Pin To Net: NetName=NetJ?_3 Pin=R33-2
Added Pin To Net: NetName=NetJ?_3 Pin=U1-5
Added Net: Name=NetJ?_3
Added Pin To Net: NetName=NetJ?_5 Pin=J?-5
Added Pin To Net: NetName=NetJ?_5 Pin=R35-2
Added Pin To Net: NetName=NetJ?_5 Pin=U1-29
Added Net: Name=NetJ?_5
Added Pin To Net: NetName=NetJ?_7 Pin=J?-7
Added Pin To Net: NetName=NetJ?_7 Pin=R34-2
Added Pin To Net: NetName=NetJ?_7 Pin=U1-6
Added Net: Name=NetJ?_7
Added Pin To Net: NetName=NetJ?_SW Pin=J?-SW
Added Pin To Net: NetName=NetJ?_SW Pin=U1-12
Added Net: Name=NetJ?_SW
Added Member To Class: ClassName=Esquematico Member=Component J? MOLEX 503182-1852 (MicroSD)
Added Room: Name=Esquematico
