Change Component Designator: OldDesignator=C? NewDesignator=C1
Change Component Designator: OldDesignator=C? NewDesignator=C2
Change Component Designator: OldDesignator=C? NewDesignator=C3
Change Component Designator: OldDesignator=C? NewDesignator=C4
Change Component Designator: OldDesignator=C? NewDesignator=C5
Change Component Designator: OldDesignator=C? NewDesignator=C6
Change Component Designator: OldDesignator=C? NewDesignator=C7
Change Component Designator: OldDesignator=C? NewDesignator=C8
Change Component Designator: OldDesignator=C? NewDesignator=C9
Change Component Designator: OldDesignator=C? NewDesignator=C10
Change Component Designator: OldDesignator=C? NewDesignator=C11
Change Component Designator: OldDesignator=C? NewDesignator=C12
Change Component Designator: OldDesignator=C? NewDesignator=C13
Change Component Designator: OldDesignator=C? NewDesignator=C14
Change Component Designator: OldDesignator=C? NewDesignator=C15
Change Component Designator: OldDesignator=C? NewDesignator=C16
Change Component Designator: OldDesignator=C? NewDesignator=C17
Change Component Designator: OldDesignator=C? NewDesignator=C18
Change Component Designator: OldDesignator=C? NewDesignator=C19
Change Component Designator: OldDesignator=C? NewDesignator=C20
Change Component Designator: OldDesignator=C? NewDesignator=C21
Change Component Designator: OldDesignator=C? NewDesignator=C22
Change Component Designator: OldDesignator=C? NewDesignator=C23
Change Component Designator: OldDesignator=C? NewDesignator=C24
Change Component Designator: OldDesignator=C? NewDesignator=C25
Change Component Designator: OldDesignator=C? NewDesignator=C26
Change Component Designator: OldDesignator=C? NewDesignator=C27
Change Component Designator: OldDesignator=C? NewDesignator=C28
Change Component Designator: OldDesignator=DZ-? NewDesignator=DZ-1
Change Component Designator: OldDesignator=L? NewDesignator=L1
Change Component Designator: OldDesignator=L? NewDesignator=L2
Change Component Designator: OldDesignator=R? NewDesignator=R1
Change Component Designator: OldDesignator=R? NewDesignator=R2
Change Component Designator: OldDesignator=R? NewDesignator=R3
Change Component Designator: OldDesignator=R? NewDesignator=R4
Change Component Designator: OldDesignator=R? NewDesignator=R5
Change Component Designator: OldDesignator=R? NewDesignator=R6
Change Component Designator: OldDesignator=R? NewDesignator=R7
Change Component Designator: OldDesignator=R? NewDesignator=R8
Change Component Designator: OldDesignator=R? NewDesignator=R9
Change Component Designator: OldDesignator=R? NewDesignator=R10
Change Component Designator: OldDesignator=R? NewDesignator=R11
Change Component Designator: OldDesignator=R? NewDesignator=R12
Change Component Designator: OldDesignator=R? NewDesignator=R13
Change Component Designator: OldDesignator=R? NewDesignator=R14
Change Component Designator: OldDesignator=R? NewDesignator=R15
Change Component Designator: OldDesignator=R? NewDesignator=R16
Change Component Designator: OldDesignator=R? NewDesignator=R17
Change Component Designator: OldDesignator=R? NewDesignator=R18
Change Component Designator: OldDesignator=R? NewDesignator=R19
Change Component Designator: OldDesignator=R? NewDesignator=R20
Change Component Designator: OldDesignator=R? NewDesignator=R21
Change Component Designator: OldDesignator=R? NewDesignator=R22
Change Component Designator: OldDesignator=R? NewDesignator=R23
Change Component Designator: OldDesignator=R? NewDesignator=R24
Change Component Designator: OldDesignator=R? NewDesignator=R25
Change Component Designator: OldDesignator=R? NewDesignator=R26
Change Component Designator: OldDesignator=R? NewDesignator=R27
Change Component Designator: OldDesignator=R? NewDesignator=R28
Change Component Designator: OldDesignator=R? NewDesignator=R29
Change Component Designator: OldDesignator=R? NewDesignator=R30
Change Component Designator: OldDesignator=R? NewDesignator=R31
Change Component Designator: OldDesignator=R? NewDesignator=R32
Change Component Designator: OldDesignator=R? NewDesignator=R33
Change Component Designator: OldDesignator=R? NewDesignator=R34
Change Component Designator: OldDesignator=R? NewDesignator=R35
Change Component Designator: OldDesignator=U? NewDesignator=U1
Change Net Name : Old Net Name=NetC?_2 New Net Name=NetC20_2
Change Net Name : Old Net Name=NetL?_1 New Net Name=NetL1_1
Change Net Name : Old Net Name=NetR?_1 New Net Name=NetR18_1
Change Net Name : Old Net Name=NetR?_2 New Net Name=NetR23_2
Change Net Name : Old Net Name=NetU2_2 New Net Name=NetU1_61
Change Net Name : Old Net Name=NetU2_3 New Net Name=NetU1_58
Change Net Name : Old Net Name=NetU2_4 New Net Name=NetU1_46
Change Net Name : Old Net Name=NetU2_8 New Net Name=NetU1_53
Change Net Name : Old Net Name=NetU?_1 New Net Name=NetU1_1
Change Net Name : Old Net Name=NetU?_4 New Net Name=NetU1_4
Change Net Name : Old Net Name=NetU?_47 New Net Name=NetU1_47
Change Net Name : Old Net Name=NetU?_48 New Net Name=NetU1_48
Change Net Name : Old Net Name=NetU?_49 New Net Name=NetU1_49
Added Pin To Net: NetName=NetC3_1 Pin=C3-1
Added Pin To Net: NetName=NetC3_1 Pin=R3-2
Added Net: Name=NetC3_1
Added Pin To Net: NetName=NetC4_2 Pin=C4-2
Added Pin To Net: NetName=NetC4_2 Pin=MCP1640-5
Added Pin To Net: NetName=NetC4_2 Pin=PMS7003 SOCKET-8
Added Pin To Net: NetName=NetC4_2 Pin=R6-1
Added Net: Name=NetC4_2
Added Pin To Net: NetName=NetC7_1 Pin=C7-1
Added Pin To Net: NetName=NetC7_1 Pin=R7-2
Added Net: Name=NetC7_1
Added Pin To Net: NetName=NetC8_1 Pin=C8-1
Added Pin To Net: NetName=NetC8_1 Pin=R12-2
Added Net: Name=NetC8_1
Added Pin To Net: NetName=NetC12_1 Pin=C12-1
Added Pin To Net: NetName=NetC12_1 Pin=R15-2
Added Pin To Net: NetName=NetC12_1 Pin=STC3100-6
Added Net: Name=NetC12_1
Added Pin To Net: NetName=NetC15_1 Pin=C15-1
Added Pin To Net: NetName=NetC15_1 Pin=R17-2
Added Pin To Net: NetName=NetC15_1 Pin=STC3100-8
Added Net: Name=NetC15_1
Added Pin To Net: NetName=NetC16_2 Pin=C16-2
Added Pin To Net: NetName=NetC16_2 Pin=R19-1
Added Net: Name=NetC16_2
Added Pin To Net: NetName=NetC17_1 Pin=C17-1
Added Pin To Net: NetName=NetC17_1 Pin=SENSOR SOCKET1-3
Added Pin To Net: NetName=NetC17_1 Pin=SHT35-2
Added Pin To Net: NetName=NetC17_1 Pin=SHT35-8
Added Pin To Net: NetName=NetC17_1 Pin=SHT35-9
Added Net: Name=NetC17_1
Added Pin To Net: NetName=NetC17_2 Pin=C17-2
Added Pin To Net: NetName=NetC17_2 Pin=SENSOR SOCKET1-5
Added Pin To Net: NetName=NetC17_2 Pin=SHT35-5
Added Net: Name=NetC17_2
Added Pin To Net: NetName=NetC25_1 Pin=C25-1
Added Pin To Net: NetName=NetC25_1 Pin=R26-2
Added Pin To Net: NetName=NetC25_1 Pin=U1-13
Added Net: Name=NetC25_1
Added Pin To Net: NetName=NetC26_1 Pin=C26-1
Added Pin To Net: NetName=NetC26_1 Pin=R29-2
Added Pin To Net: NetName=NetC26_1 Pin=U1-14
Added Net: Name=NetC26_1
Added Pin To Net: NetName=NetR21_2 Pin=R21-2
Added Pin To Net: NetName=NetR21_2 Pin=U1-9
Added Net: Name=NetR21_2
Added Pin To Net: NetName=NetR22_2 Pin=R22-2
Added Pin To Net: NetName=NetR22_2 Pin=SENSOR SOCKET-3
Added Pin To Net: NetName=NetR22_2 Pin=U1-51
Added Net: Name=NetR22_2
Added Pin To Net: NetName=NetR24_2 Pin=R24-2
Added Pin To Net: NetName=NetR24_2 Pin=STC3100-4
Added Pin To Net: NetName=NetR24_2 Pin=U1-44
Added Net: Name=NetR24_2
Added Pin To Net: NetName=NetR25_2 Pin=R25-2
Added Pin To Net: NetName=NetR25_2 Pin=STC3100-3
Added Pin To Net: NetName=NetR25_2 Pin=U1-43
Added Net: Name=NetR25_2
Added Member To Class: ClassName=Esquematico Member=Component C1 Cap
Added Member To Class: ClassName=Esquematico Member=Component C2 Cap
Added Member To Class: ClassName=Esquematico Member=Component C3 Cap
Added Member To Class: ClassName=Esquematico Member=Component C4 Cap
Added Member To Class: ClassName=Esquematico Member=Component C6 Cap
Added Member To Class: ClassName=Esquematico Member=Component C7 Cap
Added Member To Class: ClassName=Esquematico Member=Component C8 Cap
Added Member To Class: ClassName=Esquematico Member=Component C9 Cap
Added Member To Class: ClassName=Esquematico Member=Component C10 Cap
Added Member To Class: ClassName=Esquematico Member=Component C11 Cap
Added Member To Class: ClassName=Esquematico Member=Component C12 Cap
Added Member To Class: ClassName=Esquematico Member=Component C13 Cap
Added Member To Class: ClassName=Esquematico Member=Component C14 Cap
Added Member To Class: ClassName=Esquematico Member=Component C15 Cap
Added Member To Class: ClassName=Esquematico Member=Component C16 Cap
Added Member To Class: ClassName=Esquematico Member=Component C17 Cap
Added Member To Class: ClassName=Esquematico Member=Component C18 Cap
Added Member To Class: ClassName=Esquematico Member=Component C19 Cap
Added Member To Class: ClassName=Esquematico Member=Component C20 Cap
Added Member To Class: ClassName=Esquematico Member=Component C21 Cap
Added Member To Class: ClassName=Esquematico Member=Component C22 Cap
Added Member To Class: ClassName=Esquematico Member=Component C23 Cap
Added Member To Class: ClassName=Esquematico Member=Component C24 Cap
Added Member To Class: ClassName=Esquematico Member=Component C25 Cap
Added Member To Class: ClassName=Esquematico Member=Component C26 Cap
Added Member To Class: ClassName=Esquematico Member=Component C27 Cap
Added Member To Class: ClassName=Esquematico Member=Component C28 Cap
Added Member To Class: ClassName=Esquematico Member=Component L1 Inductor
Added Member To Class: ClassName=Esquematico Member=Component R1 Res
Added Member To Class: ClassName=Esquematico Member=Component R2 Res
Added Member To Class: ClassName=Esquematico Member=Component R3 Res
Added Member To Class: ClassName=Esquematico Member=Component R4 Res
Added Member To Class: ClassName=Esquematico Member=Component R5 Res
Added Member To Class: ClassName=Esquematico Member=Component R6 Res
Added Member To Class: ClassName=Esquematico Member=Component R7 Res
Added Member To Class: ClassName=Esquematico Member=Component R8 Res
Added Member To Class: ClassName=Esquematico Member=Component R9 Res
Added Member To Class: ClassName=Esquematico Member=Component R10 Res
Added Member To Class: ClassName=Esquematico Member=Component R11 Res
Added Member To Class: ClassName=Esquematico Member=Component R12 Res
Added Member To Class: ClassName=Esquematico Member=Component R13 Res
Added Member To Class: ClassName=Esquematico Member=Component R14 Res
Added Member To Class: ClassName=Esquematico Member=Component R15 Res
Added Member To Class: ClassName=Esquematico Member=Component R16 Res
Added Member To Class: ClassName=Esquematico Member=Component R17 Res
Added Member To Class: ClassName=Esquematico Member=Component R18 Res
Added Member To Class: ClassName=Esquematico Member=Component R19 Res
Added Member To Class: ClassName=Esquematico Member=Component R20 Res
Added Member To Class: ClassName=Esquematico Member=Component R21 Res
Added Member To Class: ClassName=Esquematico Member=Component R22 Res
Added Member To Class: ClassName=Esquematico Member=Component R23 Res
Added Member To Class: ClassName=Esquematico Member=Component R24 Res
Added Member To Class: ClassName=Esquematico Member=Component R25 Res
Added Member To Class: ClassName=Esquematico Member=Component R26 Res
Added Member To Class: ClassName=Esquematico Member=Component R27 Res
Added Member To Class: ClassName=Esquematico Member=Component R28 Res
Added Member To Class: ClassName=Esquematico Member=Component R29 Res
Added Member To Class: ClassName=Esquematico Member=Component R30 Res
Added Member To Class: ClassName=Esquematico Member=Component R31 Res
Added Member To Class: ClassName=Esquematico Member=Component R33 Res
Added Member To Class: ClassName=Esquematico Member=Component R34 Res
Added Member To Class: ClassName=Esquematico Member=Component R35 Res
